2025-02-10T20:59:29+0530 INFO Librepo version: 1.14.5 with CURL_GLOBAL_ACK_EINTR support (libcurl/7.76.1 OpenSSL/3.2.2 zlib/1.2.11 brotli/1.0.9 libidn2/2.3.0 libpsl/0.21.1 (+libidn2/2.3.0) libssh/0.10.4/openssl/zlib nghttp2/1.43.0)
2025-02-10T20:59:29+0530 INFO Downloading: https://mirrors.rockylinux.org/mirrorlist?arch=x86_64&repo=BaseOS-9
2025-02-10T20:59:31+0530 INFO Downloading: https://rocky-linux-asia-south1.production.gcp.mirrors.ctrliq.cloud/pub/rocky//9.5/BaseOS/x86_64/os/repodata/repomd.xml
2025-02-10T20:59:31+0530 INFO Downloading: https://rocky-linux-asia-south1.production.gcp.mirrors.ctrliq.cloud/pub/rocky//9.5/BaseOS/x86_64/os/repodata/78495ad8-107f-4bb6-80ad-bfaed46de3bc-PRIMARY.xml.gz
2025-02-10T20:59:31+0530 INFO Downloading: https://rocky-linux-asia-south1.production.gcp.mirrors.ctrliq.cloud/pub/rocky//9.5/BaseOS/x86_64/os/repodata/08f3e84d-b55f-4bfe-bfff-9a5b9b5420a4-FILELISTS.xml.gz
2025-02-10T20:59:31+0530 INFO Downloading: https://rocky-linux-asia-south1.production.gcp.mirrors.ctrliq.cloud/pub/rocky//9.5/BaseOS/x86_64/os/repodata/08f3e84d-b55f-4bfe-bfff-9a5b9b5420a4-GROUPS.xml.gz
2025-02-10T20:59:31+0530 INFO Downloading: https://rocky-linux-asia-south1.production.gcp.mirrors.ctrliq.cloud/pub/rocky//9.5/BaseOS/x86_64/os/repodata/26d0be53-5b9d-4350-a77f-3ef29559e28e-UPDATEINFO.xml.gz
2025-02-10T20:59:32+0530 INFO Downloading: https://mirrors.rockylinux.org/mirrorlist?arch=x86_64&repo=AppStream-9
2025-02-10T20:59:33+0530 INFO Downloading: https://rocky-linux-asia-south2.production.gcp.mirrors.ctrliq.cloud/pub/rocky//9.5/AppStream/x86_64/os/repodata/repomd.xml
2025-02-10T20:59:34+0530 INFO Downloading: https://rocky-linux-asia-south2.production.gcp.mirrors.ctrliq.cloud/pub/rocky//9.5/AppStream/x86_64/os/repodata/8a675a2c-5024-4c04-b453-98e53aad002a-PRIMARY.xml.gz
2025-02-10T20:59:34+0530 INFO Downloading: https://rocky-linux-asia-south2.production.gcp.mirrors.ctrliq.cloud/pub/rocky//9.5/AppStream/x86_64/os/repodata/0ee7ea02-2f94-45c6-9e40-13cb417c1732-FILELISTS.xml.gz
2025-02-10T20:59:34+0530 INFO Downloading: https://rocky-linux-asia-south2.production.gcp.mirrors.ctrliq.cloud/pub/rocky//9.5/AppStream/x86_64/os/repodata/0ee7ea02-2f94-45c6-9e40-13cb417c1732-GROUPS.xml.gz
2025-02-10T20:59:34+0530 INFO Downloading: https://rocky-linux-asia-south2.production.gcp.mirrors.ctrliq.cloud/pub/rocky//9.5/AppStream/x86_64/os/repodata/0ee7ea02-2f94-45c6-9e40-13cb417c1732-MODULES.yaml.gz
2025-02-10T20:59:34+0530 INFO Downloading: https://rocky-linux-asia-south2.production.gcp.mirrors.ctrliq.cloud/pub/rocky//9.5/AppStream/x86_64/os/repodata/8953651b-f764-4fb6-87a5-4114efc035f2-UPDATEINFO.xml.gz
2025-02-10T20:59:37+0530 INFO Downloading: https://mirrors.rockylinux.org/mirrorlist?arch=x86_64&repo=extras-9
2025-02-10T20:59:39+0530 INFO Downloading: https://rocky-linux-asia-south2.production.gcp.mirrors.ctrliq.cloud/pub/rocky//9.5/extras/x86_64/os/repodata/repomd.xml
2025-02-10T20:59:39+0530 INFO Downloading: https://rocky-linux-asia-south2.production.gcp.mirrors.ctrliq.cloud/pub/rocky//9.5/extras/x86_64/os/repodata/8ff6917c-9bf9-481e-9ff9-b2b067ab9760-PRIMARY.xml.gz
2025-02-10T20:59:39+0530 INFO Downloading: https://rocky-linux-asia-south2.production.gcp.mirrors.ctrliq.cloud/pub/rocky//9.5/extras/x86_64/os/repodata/15bf237a-5374-4002-9fdf-b5007b5d6f7a-FILELISTS.xml.gz
2025-02-10T22:26:01+0530 INFO Librepo version: 1.14.5 with CURL_GLOBAL_ACK_EINTR support (libcurl/7.76.1 OpenSSL/3.2.2 zlib/1.2.11 brotli/1.0.9 libidn2/2.3.0 libpsl/0.21.1 (+libidn2/2.3.0) libssh/0.10.4/openssl/zlib nghttp2/1.43.0)
2025-02-10T22:51:27+0530 INFO Librepo version: 1.14.5 with CURL_GLOBAL_ACK_EINTR support (libcurl/7.76.1 OpenSSL/3.2.2 zlib/1.2.11 brotli/1.0.9 libidn2/2.3.0 libpsl/0.21.1 (+libidn2/2.3.0) libssh/0.10.4/openssl/zlib nghttp2/1.43.0)
2025-02-11T19:44:49+0530 INFO Librepo version: 1.14.5 with CURL_GLOBAL_ACK_EINTR support (libcurl/7.76.1 OpenSSL/3.2.2 zlib/1.2.11 brotli/1.0.9 libidn2/2.3.0 libpsl/0.21.1 (+libidn2/2.3.0) libssh/0.10.4/openssl/zlib nghttp2/1.43.0)
2025-02-11T19:44:50+0530 INFO Downloading: https://mirrors.rockylinux.org/mirrorlist?arch=x86_64&repo=BaseOS-9
2025-02-11T19:44:53+0530 INFO Downloading: https://rocky-linux-asia-south1.production.gcp.mirrors.ctrliq.cloud/pub/rocky//9.5/BaseOS/x86_64/os/repodata/repomd.xml
2025-02-11T19:44:53+0530 INFO Downloading: https://mirrors.rockylinux.org/mirrorlist?arch=x86_64&repo=AppStream-9
2025-02-11T19:44:54+0530 INFO Downloading: https://rocky-linux-asia-south1.production.gcp.mirrors.ctrliq.cloud/pub/rocky//9.5/AppStream/x86_64/os/repodata/repomd.xml
2025-02-11T19:44:54+0530 INFO Downloading: https://mirrors.rockylinux.org/mirrorlist?arch=x86_64&repo=extras-9&countme=1
2025-02-11T19:44:55+0530 INFO Downloading: https://rocky-linux-asia-south1.production.gcp.mirrors.ctrliq.cloud/pub/rocky//9.5/extras/x86_64/os/repodata/repomd.xml
2025-02-11T19:47:28+0530 INFO Librepo version: 1.14.5 with CURL_GLOBAL_ACK_EINTR support (libcurl/7.76.1 OpenSSL/3.2.2 zlib/1.2.11 brotli/1.0.9 libidn2/2.3.0 libpsl/0.21.1 (+libidn2/2.3.0) libssh/0.10.4/openssl/zlib nghttp2/1.43.0)
2025-02-11T20:20:36+0530 INFO Librepo version: 1.14.5 with CURL_GLOBAL_ACK_EINTR support (libcurl/7.76.1 OpenSSL/3.2.2 zlib/1.2.11 brotli/1.0.9 libidn2/2.3.0 libpsl/0.21.1 (+libidn2/2.3.0) libssh/0.10.4/openssl/zlib nghttp2/1.43.0)
2025-02-11T20:20:36+0530 INFO Downloading: https://mirrors.rockylinux.org/mirrorlist?arch=x86_64&repo=BaseOS-9
2025-02-11T20:20:39+0530 INFO Downloading: https://rocky-linux-asia-south1.production.gcp.mirrors.ctrliq.cloud/pub/rocky//9.5/BaseOS/x86_64/os/repodata/repomd.xml
2025-02-11T20:20:40+0530 INFO Downloading: https://mirrors.rockylinux.org/mirrorlist?arch=x86_64&repo=AppStream-9
2025-02-11T20:20:41+0530 INFO Downloading: https://rocky-linux-asia-south2.production.gcp.mirrors.ctrliq.cloud/pub/rocky//9.5/AppStream/x86_64/os/repodata/repomd.xml
2025-02-11T20:20:41+0530 INFO Downloading: https://mirrors.rockylinux.org/mirrorlist?arch=x86_64&repo=extras-9
2025-02-11T20:20:42+0530 INFO Downloading: https://rocky-linux-asia-south2.production.gcp.mirrors.ctrliq.cloud/pub/rocky//9.5/extras/x86_64/os/repodata/repomd.xml
2025-02-11T22:10:46+0530 INFO Librepo version: 1.14.5 with CURL_GLOBAL_ACK_EINTR support (libcurl/7.76.1 OpenSSL/3.2.2 zlib/1.2.11 brotli/1.0.9 libidn2/2.3.0 libpsl/0.21.1 (+libidn2/2.3.0) libssh/0.10.4/openssl/zlib nghttp2/1.43.0)
2025-02-20T08:39:50+0530 INFO Librepo version: 1.14.5 with CURL_GLOBAL_ACK_EINTR support (libcurl/7.76.1 OpenSSL/3.2.2 zlib/1.2.11 brotli/1.0.9 libidn2/2.3.0 libpsl/0.21.1 (+libidn2/2.3.0) libssh/0.10.4/openssl/zlib nghttp2/1.43.0)
2025-02-20T08:52:45+0530 INFO Librepo version: 1.14.5 with CURL_GLOBAL_ACK_EINTR support (libcurl/7.76.1 OpenSSL/3.2.2 zlib/1.2.11 brotli/1.0.9 libidn2/2.3.0 libpsl/0.21.1 (+libidn2/2.3.0) libssh/0.10.4/openssl/zlib nghttp2/1.43.0)
2025-02-20T08:52:46+0530 INFO Downloading: https://mirrors.rockylinux.org/mirrorlist?arch=x86_64&repo=BaseOS-9
2025-02-20T08:52:47+0530 INFO Downloading: https://rocky-linux-asia-south1.production.gcp.mirrors.ctrliq.cloud/pub/rocky//9.5/BaseOS/x86_64/os/repodata/repomd.xml
2025-02-20T08:52:47+0530 INFO Downloading: https://mirrors.rockylinux.org/mirrorlist?arch=x86_64&repo=BaseOS-9
2025-02-20T08:52:48+0530 INFO Downloading: https://rocky-linux-asia-south1.production.gcp.mirrors.ctrliq.cloud/pub/rocky//9.5/BaseOS/x86_64/os/repodata/repomd.xml
2025-02-20T08:52:48+0530 INFO Downloading: https://rocky-linux-asia-south1.production.gcp.mirrors.ctrliq.cloud/pub/rocky//9.5/BaseOS/x86_64/os/repodata/4b60563d-4a0a-4a91-adfa-e89080620e03-PRIMARY.xml.gz
2025-02-20T08:52:48+0530 INFO Downloading: https://rocky-linux-asia-south1.production.gcp.mirrors.ctrliq.cloud/pub/rocky//9.5/BaseOS/x86_64/os/repodata/ee7db719-98dc-46fa-93a7-5b8f3ca3fc3d-FILELISTS.xml.gz
2025-02-20T08:52:48+0530 INFO Downloading: https://rocky-linux-asia-south1.production.gcp.mirrors.ctrliq.cloud/pub/rocky//9.5/BaseOS/x86_64/os/repodata/ee7db719-98dc-46fa-93a7-5b8f3ca3fc3d-GROUPS.xml.gz
2025-02-20T08:52:48+0530 INFO Downloading: https://rocky-linux-asia-south1.production.gcp.mirrors.ctrliq.cloud/pub/rocky//9.5/BaseOS/x86_64/os/repodata/26d0be53-5b9d-4350-a77f-3ef29559e28e-UPDATEINFO.xml.gz
2025-02-20T08:52:49+0530 INFO Downloading: https://mirrors.rockylinux.org/mirrorlist?arch=x86_64&repo=AppStream-9&countme=1
2025-02-20T08:52:50+0530 INFO Downloading: https://rocky-linux-asia-south2.production.gcp.mirrors.ctrliq.cloud/pub/rocky//9.5/AppStream/x86_64/os/repodata/repomd.xml
2025-02-20T08:52:50+0530 INFO Downloading: https://mirrors.rockylinux.org/mirrorlist?arch=x86_64&repo=AppStream-9
2025-02-20T08:52:51+0530 INFO Downloading: https://rocky-linux-asia-south1.production.gcp.mirrors.ctrliq.cloud/pub/rocky//9.5/AppStream/x86_64/os/repodata/repomd.xml
2025-02-20T08:52:51+0530 INFO Downloading: https://rocky-linux-asia-south1.production.gcp.mirrors.ctrliq.cloud/pub/rocky//9.5/AppStream/x86_64/os/repodata/da18bf13-88e1-49ed-a604-6cc6fcbdc283-PRIMARY.xml.gz
2025-02-20T08:52:51+0530 INFO Downloading: https://rocky-linux-asia-south1.production.gcp.mirrors.ctrliq.cloud/pub/rocky//9.5/AppStream/x86_64/os/repodata/693871c9-2520-4f62-aa24-ec0eb64699bd-FILELISTS.xml.gz
2025-02-20T08:52:51+0530 INFO Downloading: https://rocky-linux-asia-south1.production.gcp.mirrors.ctrliq.cloud/pub/rocky//9.5/AppStream/x86_64/os/repodata/693871c9-2520-4f62-aa24-ec0eb64699bd-GROUPS.xml.gz
2025-02-20T08:52:51+0530 INFO Downloading: https://rocky-linux-asia-south1.production.gcp.mirrors.ctrliq.cloud/pub/rocky//9.5/AppStream/x86_64/os/repodata/693871c9-2520-4f62-aa24-ec0eb64699bd-MODULES.yaml.gz
2025-02-20T08:52:52+0530 INFO Downloading: https://rocky-linux-asia-south1.production.gcp.mirrors.ctrliq.cloud/pub/rocky//9.5/AppStream/x86_64/os/repodata/8953651b-f764-4fb6-87a5-4114efc035f2-UPDATEINFO.xml.gz
2025-02-20T08:52:55+0530 INFO Downloading: https://mirrors.rockylinux.org/mirrorlist?arch=x86_64&repo=extras-9&countme=1
2025-02-20T08:52:56+0530 INFO Downloading: https://rocky-linux-asia-south1.production.gcp.mirrors.ctrliq.cloud/pub/rocky//9.5/extras/x86_64/os/repodata/repomd.xml
2025-02-20T08:52:57+0530 INFO Downloading: https://mirrors.rockylinux.org/mirrorlist?arch=x86_64&repo=AppStream-9
2025-02-20T08:52:58+0530 INFO Downloading: https://rocky-linux-asia-south1.production.gcp.mirrors.ctrliq.cloud/pub/rocky//9.5/AppStream/x86_64/os/Packages/r/rocky-logos-httpd-90.15-2.el9.noarch.rpm
2025-02-20T08:52:58+0530 INFO Downloading: https://rocky-linux-asia-south1.production.gcp.mirrors.ctrliq.cloud/pub/rocky//9.5/AppStream/x86_64/os/Packages/a/apr-util-openssl-1.6.1-23.el9.x86_64.rpm
2025-02-20T08:52:58+0530 INFO Downloading: https://rocky-linux-asia-south1.production.gcp.mirrors.ctrliq.cloud/pub/rocky//9.5/AppStream/x86_64/os/Packages/a/apr-util-bdb-1.6.1-23.el9.x86_64.rpm
2025-02-20T08:52:58+0530 INFO Downloading: https://rocky-linux-asia-south1.production.gcp.mirrors.ctrliq.cloud/pub/rocky//9.5/AppStream/x86_64/os/Packages/a/apr-util-1.6.1-23.el9.x86_64.rpm
2025-02-20T08:52:58+0530 INFO Downloading: https://rocky-linux-asia-south1.production.gcp.mirrors.ctrliq.cloud/pub/rocky//9.5/AppStream/x86_64/os/Packages/m/mysql-selinux-1.0.13-1.el9_5.noarch.rpm
2025-02-20T08:52:58+0530 INFO Downloading: https://rocky-linux-asia-south1.production.gcp.mirrors.ctrliq.cloud/pub/rocky//9.5/AppStream/x86_64/os/Packages/n/nginx-filesystem-1.20.1-20.el9.0.1.noarch.rpm
2025-02-20T08:52:58+0530 INFO Downloading: https://rocky-linux-asia-south1.production.gcp.mirrors.ctrliq.cloud/pub/rocky//9.5/AppStream/x86_64/os/Packages/m/mariadb-connector-c-3.2.6-1.el9_0.x86_64.rpm
2025-02-20T08:52:58+0530 INFO Downloading: https://rocky-linux-asia-south1.production.gcp.mirrors.ctrliq.cloud/pub/rocky//9.5/AppStream/x86_64/os/Packages/m/mariadb-connector-c-config-3.2.6-1.el9_0.noarch.rpm
2025-02-20T08:52:58+0530 INFO Downloading: https://rocky-linux-asia-south1.production.gcp.mirrors.ctrliq.cloud/pub/rocky//9.5/AppStream/x86_64/os/Packages/m/mod_http2-2.0.26-2.el9_4.1.x86_64.rpm
2025-02-20T08:52:58+0530 INFO Downloading: https://rocky-linux-asia-south1.production.gcp.mirrors.ctrliq.cloud/pub/rocky//9.5/AppStream/x86_64/os/Packages/a/apr-1.7.0-12.el9_3.x86_64.rpm
2025-02-20T08:52:58+0530 INFO Downloading: https://rocky-linux-asia-south1.production.gcp.mirrors.ctrliq.cloud/pub/rocky//9.5/AppStream/x86_64/os/Packages/p/perl-Sys-Hostname-1.23-481.el9.x86_64.rpm
2025-02-20T08:52:58+0530 INFO Downloading: https://rocky-linux-asia-south1.production.gcp.mirrors.ctrliq.cloud/pub/rocky//9.5/AppStream/x86_64/os/Packages/p/perl-File-Copy-2.34-481.el9.noarch.rpm
2025-02-20T08:52:58+0530 INFO Downloading: https://rocky-linux-asia-south1.production.gcp.mirrors.ctrliq.cloud/pub/rocky//9.5/AppStream/x86_64/os/Packages/m/mariadb-server-utils-10.5.27-1.el9_5.x86_64.rpm
2025-02-20T08:52:58+0530 INFO Downloading: https://rocky-linux-asia-south1.production.gcp.mirrors.ctrliq.cloud/pub/rocky//9.5/AppStream/x86_64/os/Packages/m/mariadb-server-10.5.27-1.el9_5.x86_64.rpm
2025-02-20T08:52:58+0530 INFO Downloading: https://rocky-linux-asia-south1.production.gcp.mirrors.ctrliq.cloud/pub/rocky//9.5/AppStream/x86_64/os/Packages/m/mariadb-gssapi-server-10.5.27-1.el9_5.x86_64.rpm
2025-02-20T08:52:58+0530 INFO Downloading: https://rocky-linux-asia-south1.production.gcp.mirrors.ctrliq.cloud/pub/rocky//9.5/AppStream/x86_64/os/Packages/m/mariadb-errmsg-10.5.27-1.el9_5.x86_64.rpm
2025-02-20T08:52:58+0530 INFO Downloading: https://rocky-linux-asia-south1.production.gcp.mirrors.ctrliq.cloud/pub/rocky//9.5/AppStream/x86_64/os/Packages/m/mariadb-common-10.5.27-1.el9_5.x86_64.rpm
2025-02-20T08:52:58+0530 INFO Downloading: https://rocky-linux-asia-south1.production.gcp.mirrors.ctrliq.cloud/pub/rocky//9.5/AppStream/x86_64/os/Packages/m/mariadb-backup-10.5.27-1.el9_5.x86_64.rpm
2025-02-20T08:52:58+0530 INFO Downloading: https://rocky-linux-asia-south1.production.gcp.mirrors.ctrliq.cloud/pub/rocky//9.5/AppStream/x86_64/os/Packages/m/mariadb-10.5.27-1.el9_5.x86_64.rpm
2025-02-20T08:52:59+0530 INFO Downloading: https://rocky-linux-asia-south1.production.gcp.mirrors.ctrliq.cloud/pub/rocky//9.5/AppStream/x86_64/os/Packages/p/perl-DBD-MariaDB-1.21-16.el9_0.x86_64.rpm
2025-02-20T08:53:00+0530 INFO Downloading: https://rocky-linux-asia-south1.production.gcp.mirrors.ctrliq.cloud/pub/rocky//9.5/AppStream/x86_64/os/Packages/p/php-xml-8.0.30-1.el9_2.x86_64.rpm
2025-02-20T08:53:00+0530 INFO Downloading: https://rocky-linux-asia-south1.production.gcp.mirrors.ctrliq.cloud/pub/rocky//9.5/AppStream/x86_64/os/Packages/p/php-pdo-8.0.30-1.el9_2.x86_64.rpm
2025-02-20T08:53:01+0530 INFO Downloading: https://rocky-linux-asia-south1.production.gcp.mirrors.ctrliq.cloud/pub/rocky//9.5/AppStream/x86_64/os/Packages/p/php-opcache-8.0.30-1.el9_2.x86_64.rpm
2025-02-20T08:53:01+0530 INFO Downloading: https://rocky-linux-asia-south1.production.gcp.mirrors.ctrliq.cloud/pub/rocky//9.5/AppStream/x86_64/os/Packages/p/php-mysqlnd-8.0.30-1.el9_2.x86_64.rpm
2025-02-20T08:53:02+0530 INFO Downloading: https://rocky-linux-asia-south1.production.gcp.mirrors.ctrliq.cloud/pub/rocky//9.5/AppStream/x86_64/os/Packages/p/php-mbstring-8.0.30-1.el9_2.x86_64.rpm
2025-02-20T08:53:02+0530 INFO Downloading: https://rocky-linux-asia-south1.production.gcp.mirrors.ctrliq.cloud/pub/rocky//9.5/AppStream/x86_64/os/Packages/p/php-ldap-8.0.30-1.el9_2.x86_64.rpm
2025-02-20T08:53:02+0530 INFO Downloading: https://rocky-linux-asia-south1.production.gcp.mirrors.ctrliq.cloud/pub/rocky//9.5/AppStream/x86_64/os/Packages/p/php-gd-8.0.30-1.el9_2.x86_64.rpm
2025-02-20T08:53:02+0530 INFO Downloading: https://rocky-linux-asia-south1.production.gcp.mirrors.ctrliq.cloud/pub/rocky//9.5/AppStream/x86_64/os/Packages/p/php-fpm-8.0.30-1.el9_2.x86_64.rpm
2025-02-20T08:53:02+0530 INFO Downloading: https://rocky-linux-asia-south1.production.gcp.mirrors.ctrliq.cloud/pub/rocky//9.5/AppStream/x86_64/os/Packages/p/php-common-8.0.30-1.el9_2.x86_64.rpm
2025-02-20T08:53:02+0530 INFO Downloading: https://rocky-linux-asia-south1.production.gcp.mirrors.ctrliq.cloud/pub/rocky//9.5/AppStream/x86_64/os/Packages/p/php-cli-8.0.30-1.el9_2.x86_64.rpm
2025-02-20T08:53:02+0530 INFO Downloading: https://rocky-linux-asia-south1.production.gcp.mirrors.ctrliq.cloud/pub/rocky//9.5/AppStream/x86_64/os/Packages/p/php-bcmath-8.0.30-1.el9_2.x86_64.rpm
2025-02-20T08:53:02+0530 INFO Downloading: https://rocky-linux-asia-south1.production.gcp.mirrors.ctrliq.cloud/pub/rocky//9.5/AppStream/x86_64/os/Packages/p/php-8.0.30-1.el9_2.x86_64.rpm
2025-02-20T08:53:02+0530 INFO Downloading: https://rocky-linux-asia-south1.production.gcp.mirrors.ctrliq.cloud/pub/rocky//9.5/AppStream/x86_64/os/Packages/m/mod_lua-2.4.62-1.el9_5.2.x86_64.rpm
2025-02-20T08:53:03+0530 INFO Downloading: https://rocky-linux-asia-south1.production.gcp.mirrors.ctrliq.cloud/pub/rocky//9.5/AppStream/x86_64/os/Packages/h/httpd-tools-2.4.62-1.el9_5.2.x86_64.rpm
2025-02-20T08:53:03+0530 INFO Downloading: https://rocky-linux-asia-south1.production.gcp.mirrors.ctrliq.cloud/pub/rocky//9.5/AppStream/x86_64/os/Packages/h/httpd-filesystem-2.4.62-1.el9_5.2.noarch.rpm
2025-02-20T08:53:03+0530 INFO Downloading: https://rocky-linux-asia-south1.production.gcp.mirrors.ctrliq.cloud/pub/rocky//9.5/AppStream/x86_64/os/Packages/h/httpd-core-2.4.62-1.el9_5.2.x86_64.rpm
2025-02-20T08:53:03+0530 INFO Downloading: https://rocky-linux-asia-south1.production.gcp.mirrors.ctrliq.cloud/pub/rocky//9.5/AppStream/x86_64/os/Packages/h/httpd-2.4.62-1.el9_5.2.x86_64.rpm
2025-02-20T08:53:04+0530 INFO Downloading: file:///etc/pki/rpm-gpg/RPM-GPG-KEY-Rocky-9
2025-02-20T09:03:13+0530 INFO Librepo version: 1.14.5 with CURL_GLOBAL_ACK_EINTR support (libcurl/7.76.1 OpenSSL/3.2.2 zlib/1.2.11 brotli/1.0.9 libidn2/2.3.0 libpsl/0.21.1 (+libidn2/2.3.0) libssh/0.10.4/openssl/zlib nghttp2/1.43.0)
2025-02-20T09:04:35+0530 INFO Librepo version: 1.14.5 with CURL_GLOBAL_ACK_EINTR support (libcurl/7.76.1 OpenSSL/3.2.2 zlib/1.2.11 brotli/1.0.9 libidn2/2.3.0 libpsl/0.21.1 (+libidn2/2.3.0) libssh/0.10.4/openssl/zlib nghttp2/1.43.0)
2025-02-20T09:04:36+0530 INFO Downloading: https://mirrors.rockylinux.org/mirrorlist?arch=x86_64&repo=BaseOS-9&countme=1
2025-02-20T09:04:37+0530 INFO Downloading: https://rocky-linux-asia-south1.production.gcp.mirrors.ctrliq.cloud/pub/rocky//9.5/BaseOS/x86_64/os/repodata/repomd.xml
2025-02-20T09:04:37+0530 INFO Downloading: https://rocky-linux-asia-south1.production.gcp.mirrors.ctrliq.cloud/pub/rocky//9.5/BaseOS/x86_64/os/repodata/4b60563d-4a0a-4a91-adfa-e89080620e03-PRIMARY.xml.gz
2025-02-20T09:04:37+0530 INFO Downloading: https://rocky-linux-asia-south1.production.gcp.mirrors.ctrliq.cloud/pub/rocky//9.5/BaseOS/x86_64/os/repodata/ee7db719-98dc-46fa-93a7-5b8f3ca3fc3d-FILELISTS.xml.gz
2025-02-20T09:04:37+0530 INFO Downloading: https://rocky-linux-asia-south1.production.gcp.mirrors.ctrliq.cloud/pub/rocky//9.5/BaseOS/x86_64/os/repodata/ee7db719-98dc-46fa-93a7-5b8f3ca3fc3d-GROUPS.xml.gz
2025-02-20T09:04:38+0530 INFO Downloading: https://rocky-linux-asia-south1.production.gcp.mirrors.ctrliq.cloud/pub/rocky//9.5/BaseOS/x86_64/os/repodata/26d0be53-5b9d-4350-a77f-3ef29559e28e-UPDATEINFO.xml.gz
2025-02-20T09:04:38+0530 INFO Downloading: https://mirrors.rockylinux.org/mirrorlist?arch=x86_64&repo=AppStream-9
2025-02-20T09:04:39+0530 INFO Downloading: http://mirror.nitc.ac.in/rockylinux/9.5/AppStream/x86_64/os/repodata/repomd.xml
2025-02-20T09:04:40+0530 INFO Downloading: http://mirror.nitc.ac.in/rockylinux/9.5/AppStream/x86_64/os/repodata/da18bf13-88e1-49ed-a604-6cc6fcbdc283-PRIMARY.xml.gz
2025-02-20T09:04:40+0530 INFO Downloading: http://mirror.nitc.ac.in/rockylinux/9.5/AppStream/x86_64/os/repodata/693871c9-2520-4f62-aa24-ec0eb64699bd-FILELISTS.xml.gz
2025-02-20T09:04:40+0530 INFO Downloading: http://mirror.nitc.ac.in/rockylinux/9.5/AppStream/x86_64/os/repodata/693871c9-2520-4f62-aa24-ec0eb64699bd-GROUPS.xml.gz
2025-02-20T09:04:40+0530 INFO Downloading: http://mirror.nitc.ac.in/rockylinux/9.5/AppStream/x86_64/os/repodata/693871c9-2520-4f62-aa24-ec0eb64699bd-MODULES.yaml.gz
2025-02-20T09:04:40+0530 INFO Downloading: http://mirror.nitc.ac.in/rockylinux/9.5/AppStream/x86_64/os/repodata/8953651b-f764-4fb6-87a5-4114efc035f2-UPDATEINFO.xml.gz
2025-02-20T09:04:45+0530 INFO Downloading: https://mirrors.rockylinux.org/mirrorlist?arch=x86_64&repo=extras-9
2025-02-20T09:04:46+0530 INFO Downloading: https://rocky-linux-asia-south1.production.gcp.mirrors.ctrliq.cloud/pub/rocky//9.5/extras/x86_64/os/repodata/repomd.xml
2025-02-20T09:04:46+0530 INFO Downloading: https://rocky-linux-asia-south1.production.gcp.mirrors.ctrliq.cloud/pub/rocky//9.5/extras/x86_64/os/repodata/8ff6917c-9bf9-481e-9ff9-b2b067ab9760-PRIMARY.xml.gz
2025-02-20T09:04:46+0530 INFO Downloading: https://rocky-linux-asia-south1.production.gcp.mirrors.ctrliq.cloud/pub/rocky//9.5/extras/x86_64/os/repodata/15bf237a-5374-4002-9fdf-b5007b5d6f7a-FILELISTS.xml.gz
2025-02-20T09:04:46+0530 INFO Downloading: https://repo.zabbix.com/zabbix/7.0/rocky/9/x86_64/repodata/repomd.xml
2025-02-20T09:04:48+0530 INFO Downloading: https://repo.zabbix.com/zabbix/7.0/rocky/9/x86_64/repodata/1b834fdcb1c4f80675bd8d28230188c768c53591768eae7969deec25db823e7e-filelists.xml.gz
2025-02-20T09:04:48+0530 INFO Downloading: https://repo.zabbix.com/zabbix/7.0/rocky/9/x86_64/repodata/27926f09a699dcc67bc739fa6fc10da74c0f27431cc327b01903edfca075a2ab-primary.xml.gz
2025-02-20T09:04:50+0530 INFO Downloading: https://repo.zabbix.com/non-supported/rhel/9/x86_64/repodata/repomd.xml
2025-02-20T09:04:51+0530 INFO Downloading: https://repo.zabbix.com/non-supported/rhel/9/x86_64/repodata/d0397d1b607432e3bfbbc085a2538710b525e8a08f6fda2d2f4eed171f671012-filelists.xml.gz
2025-02-20T09:04:51+0530 INFO Downloading: https://repo.zabbix.com/non-supported/rhel/9/x86_64/repodata/eca1a87ddb0282dc474ed6ef8b5d969c4a25459e92f84c4fc181edb956081d81-primary.xml.gz
2025-02-20T09:04:52+0530 INFO Downloading: https://repo.zabbix.com/zabbix-tools/rhel/9/x86_64/repodata/repomd.xml
2025-02-20T09:04:54+0530 INFO Downloading: https://repo.zabbix.com/zabbix-tools/rhel/9/x86_64/repodata/17c634557729e8fddcbabdc086eb35564ede92232690a7ff06f6736c31410a03-filelists.xml.gz
2025-02-20T09:04:54+0530 INFO Downloading: https://repo.zabbix.com/zabbix-tools/rhel/9/x86_64/repodata/93a82fe46db3ba765ad881d762789eb67e5ca4d6036b7043c441869d8c952076-primary.xml.gz
2025-02-20T09:05:48+0530 INFO Downloading: https://mirrors.rockylinux.org/mirrorlist?arch=x86_64&repo=AppStream-9
2025-02-20T09:05:50+0530 INFO Downloading: https://rocky-linux-asia-south2.production.gcp.mirrors.ctrliq.cloud/pub/rocky//9.5/AppStream/x86_64/os/Packages/u/unixODBC-2.3.9-4.el9.x86_64.rpm
2025-02-20T09:05:50+0530 INFO Downloading: https://rocky-linux-asia-south2.production.gcp.mirrors.ctrliq.cloud/pub/rocky//9.5/AppStream/x86_64/os/Packages/o/OpenIPMI-libs-2.0.36-1.el9.x86_64.rpm
2025-02-20T09:05:50+0530 INFO Downloading: https://repo.zabbix.com/zabbix/7.0/rocky/9/x86_64/zabbix-agent-7.0.9-release1.el9.x86_64.rpm
2025-02-20T09:05:50+0530 INFO Downloading: https://repo.zabbix.com/zabbix/7.0/rocky/9/x86_64/zabbix-apache-conf-7.0.9-release1.el9.noarch.rpm
2025-02-20T09:05:50+0530 INFO Downloading: https://repo.zabbix.com/zabbix/7.0/rocky/9/x86_64/zabbix-selinux-policy-7.0.9-release1.el9.x86_64.rpm
2025-02-20T09:05:52+0530 INFO Downloading: https://repo.zabbix.com/zabbix/7.0/rocky/9/x86_64/zabbix-server-mysql-7.0.9-release1.el9.x86_64.rpm
2025-02-20T09:05:52+0530 INFO Downloading: https://repo.zabbix.com/zabbix/7.0/rocky/9/x86_64/zabbix-sql-scripts-7.0.9-release1.el9.noarch.rpm
2025-02-20T09:05:53+0530 INFO Downloading: https://repo.zabbix.com/zabbix/7.0/rocky/9/x86_64/zabbix-web-7.0.9-release1.el9.noarch.rpm
2025-02-20T09:05:53+0530 INFO Downloading: https://repo.zabbix.com/zabbix/7.0/rocky/9/x86_64/zabbix-web-deps-7.0.9-release1.el9.noarch.rpm
2025-02-20T09:05:54+0530 INFO Downloading: https://repo.zabbix.com/zabbix/7.0/rocky/9/x86_64/zabbix-web-mysql-7.0.9-release1.el9.noarch.rpm
2025-02-20T09:05:55+0530 INFO Downloading: https://repo.zabbix.com/non-supported/rhel/9/x86_64/fping-5.1-1.el9.x86_64.rpm
2025-02-20T09:05:58+0530 INFO Downloading: file:///etc/pki/rpm-gpg/RPM-GPG-KEY-ZABBIX-B5333005
2025-02-20T09:06:01+0530 INFO Downloading: file:///etc/pki/rpm-gpg/RPM-GPG-KEY-ZABBIX-08EFA7DD
2025-02-20T09:27:29+0530 INFO Librepo version: 1.14.5 with CURL_GLOBAL_ACK_EINTR support (libcurl/7.76.1 OpenSSL/3.2.2 zlib/1.2.11 brotli/1.0.9 libidn2/2.3.0 libpsl/0.21.1 (+libidn2/2.3.0) libssh/0.10.4/openssl/zlib nghttp2/1.43.0)
2025-02-20T09:27:51+0530 INFO Librepo version: 1.14.5 with CURL_GLOBAL_ACK_EINTR support (libcurl/7.76.1 OpenSSL/3.2.2 zlib/1.2.11 brotli/1.0.9 libidn2/2.3.0 libpsl/0.21.1 (+libidn2/2.3.0) libssh/0.10.4/openssl/zlib nghttp2/1.43.0)
2025-02-20T09:27:51+0530 INFO Downloading: https://mirrors.rockylinux.org/mirrorlist?arch=x86_64&repo=BaseOS-9
2025-02-20T09:27:53+0530 INFO Downloading: https://rocky-linux-asia-south2.production.gcp.mirrors.ctrliq.cloud/pub/rocky//9.5/BaseOS/x86_64/os/repodata/repomd.xml
2025-02-20T09:27:53+0530 INFO Downloading: https://mirrors.rockylinux.org/mirrorlist?arch=x86_64&repo=AppStream-9
2025-02-20T09:27:55+0530 INFO Downloading: http://in.mirrors.cicku.me/rocky/9.5/AppStream/x86_64/os/repodata/repomd.xml
2025-02-20T09:27:55+0530 INFO Downloading: https://mirrors.rockylinux.org/mirrorlist?arch=x86_64&repo=extras-9
2025-02-20T09:27:57+0530 INFO Downloading: https://rocky-linux-asia-south2.production.gcp.mirrors.ctrliq.cloud/pub/rocky//9.5/extras/x86_64/os/repodata/repomd.xml
2025-02-20T09:27:57+0530 INFO Downloading: https://repo.zabbix.com/zabbix/7.0/rocky/9/x86_64/repodata/repomd.xml
2025-02-20T09:27:59+0530 INFO Downloading: https://repo.zabbix.com/non-supported/rhel/9/x86_64/repodata/repomd.xml
2025-02-20T09:28:00+0530 INFO Downloading: https://repo.zabbix.com/zabbix-tools/rhel/9/x86_64/repodata/repomd.xml
2025-02-20T11:22:36+0530 INFO Librepo version: 1.14.5 with CURL_GLOBAL_ACK_EINTR support (libcurl/7.76.1 OpenSSL/3.2.2 zlib/1.2.11 brotli/1.0.9 libidn2/2.3.0 libpsl/0.21.1 (+libidn2/2.3.0) libssh/0.10.4/openssl/zlib nghttp2/1.43.0)
2025-02-20T12:51:01+0530 INFO Librepo version: 1.14.5 with CURL_GLOBAL_ACK_EINTR support (libcurl/7.76.1 OpenSSL/3.2.2 zlib/1.2.11 brotli/1.0.9 libidn2/2.3.0 libpsl/0.21.1 (+libidn2/2.3.0) libssh/0.10.4/openssl/zlib nghttp2/1.43.0)
2025-02-20T12:51:01+0530 INFO Downloading: https://mirrors.rockylinux.org/mirrorlist?arch=x86_64&repo=BaseOS-9
2025-02-20T12:51:02+0530 INFO Downloading: http://mirror.nitc.ac.in/rockylinux/9.5/BaseOS/x86_64/os/repodata/repomd.xml
2025-02-20T12:51:03+0530 INFO Downloading: https://mirrors.rockylinux.org/mirrorlist?arch=x86_64&repo=AppStream-9
2025-02-20T12:51:04+0530 INFO Downloading: https://rocky-linux-asia-south1.production.gcp.mirrors.ctrliq.cloud/pub/rocky//9.5/AppStream/x86_64/os/repodata/repomd.xml
2025-02-20T12:51:04+0530 INFO Downloading: https://mirrors.rockylinux.org/mirrorlist?arch=x86_64&repo=extras-9
2025-02-20T12:51:05+0530 INFO Downloading: https://rocky-linux-asia-south2.production.gcp.mirrors.ctrliq.cloud/pub/rocky//9.5/extras/x86_64/os/repodata/repomd.xml
2025-02-20T12:51:06+0530 INFO Downloading: https://repo.zabbix.com/zabbix/7.0/rocky/9/x86_64/repodata/repomd.xml
2025-02-20T12:51:07+0530 INFO Downloading: https://repo.zabbix.com/non-supported/rhel/9/x86_64/repodata/repomd.xml
2025-02-20T12:51:09+0530 INFO Downloading: https://repo.zabbix.com/zabbix-tools/rhel/9/x86_64/repodata/repomd.xml
2025-02-20T14:16:02+0530 INFO Librepo version: 1.14.5 with CURL_GLOBAL_ACK_EINTR support (libcurl/7.76.1 OpenSSL/3.2.2 zlib/1.2.11 brotli/1.0.9 libidn2/2.3.0 libpsl/0.21.1 (+libidn2/2.3.0) libssh/0.10.4/openssl/zlib nghttp2/1.43.0)
2025-02-20T16:11:07+0530 INFO Librepo version: 1.14.5 with CURL_GLOBAL_ACK_EINTR support (libcurl/7.76.1 OpenSSL/3.2.2 zlib/1.2.11 brotli/1.0.9 libidn2/2.3.0 libpsl/0.21.1 (+libidn2/2.3.0) libssh/0.10.4/openssl/zlib nghttp2/1.43.0)
2025-02-20T16:11:07+0530 INFO Downloading: https://mirrors.rockylinux.org/mirrorlist?arch=x86_64&repo=BaseOS-9
2025-02-20T16:11:09+0530 INFO Downloading: https://rocky-linux-asia-south2.production.gcp.mirrors.ctrliq.cloud/pub/rocky//9.5/BaseOS/x86_64/os/repodata/repomd.xml
2025-02-20T16:11:10+0530 INFO Downloading: https://mirrors.rockylinux.org/mirrorlist?arch=x86_64&repo=AppStream-9
2025-02-20T16:11:12+0530 INFO Downloading: https://rocky-linux-asia-south1.production.gcp.mirrors.ctrliq.cloud/pub/rocky//9.5/AppStream/x86_64/os/repodata/repomd.xml
2025-02-20T16:11:12+0530 INFO Downloading: https://mirrors.rockylinux.org/mirrorlist?arch=x86_64&repo=extras-9
2025-02-20T16:11:14+0530 INFO Downloading: https://rocky-linux-asia-south2.production.gcp.mirrors.ctrliq.cloud/pub/rocky//9.5/extras/x86_64/os/repodata/repomd.xml
2025-02-20T16:11:14+0530 INFO Downloading: https://repo.zabbix.com/zabbix/7.0/rocky/9/x86_64/repodata/repomd.xml
2025-02-20T16:11:16+0530 INFO Downloading: https://repo.zabbix.com/non-supported/rhel/9/x86_64/repodata/repomd.xml
2025-02-20T16:11:17+0530 INFO Downloading: https://repo.zabbix.com/zabbix-tools/rhel/9/x86_64/repodata/repomd.xml
2025-02-20T17:25:04+0530 INFO Librepo version: 1.14.5 with CURL_GLOBAL_ACK_EINTR support (libcurl/7.76.1 OpenSSL/3.2.2 zlib/1.2.11 brotli/1.0.9 libidn2/2.3.0 libpsl/0.21.1 (+libidn2/2.3.0) libssh/0.10.4/openssl/zlib nghttp2/1.43.0)
2025-02-20T18:27:55+0530 INFO Librepo version: 1.14.5 with CURL_GLOBAL_ACK_EINTR support (libcurl/7.76.1 OpenSSL/3.2.2 zlib/1.2.11 brotli/1.0.9 libidn2/2.3.0 libpsl/0.21.1 (+libidn2/2.3.0) libssh/0.10.4/openssl/zlib nghttp2/1.43.0)
2025-02-20T20:34:09+0530 INFO Librepo version: 1.14.5 with CURL_GLOBAL_ACK_EINTR support (libcurl/7.76.1 OpenSSL/3.2.2 zlib/1.2.11 brotli/1.0.9 libidn2/2.3.0 libpsl/0.21.1 (+libidn2/2.3.0) libssh/0.10.4/openssl/zlib nghttp2/1.43.0)
2025-02-20T20:34:09+0530 INFO Downloading: https://mirrors.rockylinux.org/mirrorlist?arch=x86_64&repo=BaseOS-9
2025-02-20T20:34:32+0530 INFO Downloading: https://rocky-linux-asia-south2.production.gcp.mirrors.ctrliq.cloud/pub/rocky//9.5/BaseOS/x86_64/os/repodata/repomd.xml
2025-02-20T20:34:33+0530 INFO Downloading: https://mirrors.rockylinux.org/mirrorlist?arch=x86_64&repo=AppStream-9
2025-02-20T20:34:39+0530 INFO Downloading: https://rocky-linux-asia-south1.production.gcp.mirrors.ctrliq.cloud/pub/rocky//9.5/AppStream/x86_64/os/repodata/repomd.xml
2025-02-20T20:34:40+0530 INFO Downloading: https://mirrors.rockylinux.org/mirrorlist?arch=x86_64&repo=extras-9
2025-02-20T20:34:45+0530 INFO Downloading: https://rocky-linux-asia-south1.production.gcp.mirrors.ctrliq.cloud/pub/rocky//9.5/extras/x86_64/os/repodata/repomd.xml
2025-02-20T20:34:45+0530 INFO Downloading: https://repo.zabbix.com/zabbix/7.0/rocky/9/x86_64/repodata/repomd.xml
2025-02-20T20:34:47+0530 INFO Downloading: https://repo.zabbix.com/non-supported/rhel/9/x86_64/repodata/repomd.xml
2025-02-20T20:34:48+0530 INFO Downloading: https://repo.zabbix.com/zabbix-tools/rhel/9/x86_64/repodata/repomd.xml
2025-02-21T21:10:09+0530 INFO Librepo version: 1.14.5 with CURL_GLOBAL_ACK_EINTR support (libcurl/7.76.1 OpenSSL/3.2.2 zlib/1.2.11 brotli/1.0.9 libidn2/2.3.0 libpsl/0.21.1 (+libidn2/2.3.0) libssh/0.10.4/openssl/zlib nghttp2/1.43.0)
2025-02-21T21:10:09+0530 INFO Downloading: https://mirrors.rockylinux.org/mirrorlist?arch=x86_64&repo=BaseOS-9
2025-02-21T21:10:11+0530 INFO Downloading: https://rocky-linux-asia-south1.production.gcp.mirrors.ctrliq.cloud/pub/rocky//9.5/BaseOS/x86_64/os/repodata/repomd.xml
2025-02-21T21:10:11+0530 INFO Downloading: https://mirrors.rockylinux.org/mirrorlist?arch=x86_64&repo=BaseOS-9
2025-02-21T21:10:12+0530 INFO Downloading: https://rocky-linux-asia-south1.production.gcp.mirrors.ctrliq.cloud/pub/rocky//9.5/BaseOS/x86_64/os/repodata/repomd.xml
2025-02-21T21:10:12+0530 INFO Downloading: https://rocky-linux-asia-south1.production.gcp.mirrors.ctrliq.cloud/pub/rocky//9.5/BaseOS/x86_64/os/repodata/5398aa3f-3c32-46cd-9aa7-03529e678304-PRIMARY.xml.gz
2025-02-21T21:10:12+0530 INFO Downloading: https://rocky-linux-asia-south1.production.gcp.mirrors.ctrliq.cloud/pub/rocky//9.5/BaseOS/x86_64/os/repodata/cfcdca4b-13a8-4fd5-b581-fcf090b9733d-FILELISTS.xml.gz
2025-02-21T21:10:12+0530 INFO Downloading: https://rocky-linux-asia-south1.production.gcp.mirrors.ctrliq.cloud/pub/rocky//9.5/BaseOS/x86_64/os/repodata/cfcdca4b-13a8-4fd5-b581-fcf090b9733d-GROUPS.xml.gz
2025-02-21T21:10:13+0530 INFO Downloading: https://rocky-linux-asia-south1.production.gcp.mirrors.ctrliq.cloud/pub/rocky//9.5/BaseOS/x86_64/os/repodata/26d0be53-5b9d-4350-a77f-3ef29559e28e-UPDATEINFO.xml.gz
2025-02-21T21:10:13+0530 INFO Downloading: https://mirrors.rockylinux.org/mirrorlist?arch=x86_64&repo=AppStream-9
2025-02-21T21:10:14+0530 INFO Downloading: https://rocky-linux-asia-south2.production.gcp.mirrors.ctrliq.cloud/pub/rocky//9.5/AppStream/x86_64/os/repodata/repomd.xml
2025-02-21T21:10:15+0530 INFO Downloading: https://mirrors.rockylinux.org/mirrorlist?arch=x86_64&repo=AppStream-9
2025-02-21T21:10:16+0530 INFO Downloading: https://rocky-linux-asia-south2.production.gcp.mirrors.ctrliq.cloud/pub/rocky//9.5/AppStream/x86_64/os/repodata/repomd.xml
2025-02-21T21:10:16+0530 INFO Downloading: https://rocky-linux-asia-south2.production.gcp.mirrors.ctrliq.cloud/pub/rocky//9.5/AppStream/x86_64/os/repodata/cb41ae6d-a051-4c15-9516-3bcc659e6911-PRIMARY.xml.gz
2025-02-21T21:10:16+0530 INFO Downloading: https://rocky-linux-asia-south2.production.gcp.mirrors.ctrliq.cloud/pub/rocky//9.5/AppStream/x86_64/os/repodata/09d5cd1e-6ac4-4145-aa4d-4d56283efa5d-FILELISTS.xml.gz
2025-02-21T21:10:16+0530 INFO Downloading: https://rocky-linux-asia-south2.production.gcp.mirrors.ctrliq.cloud/pub/rocky//9.5/AppStream/x86_64/os/repodata/09d5cd1e-6ac4-4145-aa4d-4d56283efa5d-GROUPS.xml.gz
2025-02-21T21:10:16+0530 INFO Downloading: https://rocky-linux-asia-south2.production.gcp.mirrors.ctrliq.cloud/pub/rocky//9.5/AppStream/x86_64/os/repodata/09d5cd1e-6ac4-4145-aa4d-4d56283efa5d-MODULES.yaml.gz
2025-02-21T21:10:17+0530 INFO Downloading: https://rocky-linux-asia-south2.production.gcp.mirrors.ctrliq.cloud/pub/rocky//9.5/AppStream/x86_64/os/repodata/8953651b-f764-4fb6-87a5-4114efc035f2-UPDATEINFO.xml.gz
2025-02-21T21:10:20+0530 INFO Downloading: https://mirrors.rockylinux.org/mirrorlist?arch=x86_64&repo=extras-9
2025-02-21T21:10:21+0530 INFO Downloading: https://rocky-linux-asia-south2.production.gcp.mirrors.ctrliq.cloud/pub/rocky//9.5/extras/x86_64/os/repodata/repomd.xml
2025-02-21T21:10:21+0530 INFO Downloading: https://repo.zabbix.com/zabbix/7.0/rocky/9/x86_64/repodata/repomd.xml
2025-02-21T21:10:23+0530 INFO Downloading: https://repo.zabbix.com/non-supported/rhel/9/x86_64/repodata/repomd.xml
2025-02-21T21:10:24+0530 INFO Downloading: https://repo.zabbix.com/zabbix-tools/rhel/9/x86_64/repodata/repomd.xml
2025-03-01T20:21:54+0530 INFO Librepo version: 1.14.5 with CURL_GLOBAL_ACK_EINTR support (libcurl/7.76.1 OpenSSL/3.2.2 zlib/1.2.11 brotli/1.0.9 libidn2/2.3.0 libpsl/0.21.1 (+libidn2/2.3.0) libssh/0.10.4/openssl/zlib nghttp2/1.43.0)
2025-03-01T20:21:54+0530 INFO Downloading: https://mirrors.rockylinux.org/mirrorlist?arch=x86_64&repo=BaseOS-9
2025-03-01T20:21:57+0530 INFO Downloading: http://mirror.nitc.ac.in/rockylinux/9.5/BaseOS/x86_64/os/repodata/repomd.xml
2025-03-01T20:21:57+0530 INFO Downloading: https://mirrors.rockylinux.org/mirrorlist?arch=x86_64&repo=AppStream-9
2025-03-01T20:21:59+0530 INFO Downloading: https://rocky-linux-asia-south1.production.gcp.mirrors.ctrliq.cloud/pub/rocky//9.5/AppStream/x86_64/os/repodata/repomd.xml
2025-03-01T20:21:59+0530 INFO Downloading: https://mirrors.rockylinux.org/mirrorlist?arch=x86_64&repo=AppStream-9
2025-03-01T20:22:00+0530 INFO Downloading: https://rocky-linux-asia-south1.production.gcp.mirrors.ctrliq.cloud/pub/rocky//9.5/AppStream/x86_64/os/repodata/repomd.xml
2025-03-01T20:22:01+0530 INFO Downloading: https://rocky-linux-asia-south1.production.gcp.mirrors.ctrliq.cloud/pub/rocky//9.5/AppStream/x86_64/os/repodata/a0faae88-8f2a-4ff6-a4ec-d45c401794a7-PRIMARY.xml.gz
2025-03-01T20:22:01+0530 INFO Downloading: https://rocky-linux-asia-south1.production.gcp.mirrors.ctrliq.cloud/pub/rocky//9.5/AppStream/x86_64/os/repodata/4704914e-1afb-40e3-a081-e2b49b753056-FILELISTS.xml.gz
2025-03-01T20:22:01+0530 INFO Downloading: https://rocky-linux-asia-south1.production.gcp.mirrors.ctrliq.cloud/pub/rocky//9.5/AppStream/x86_64/os/repodata/4704914e-1afb-40e3-a081-e2b49b753056-GROUPS.xml.gz
2025-03-01T20:22:01+0530 INFO Downloading: https://rocky-linux-asia-south1.production.gcp.mirrors.ctrliq.cloud/pub/rocky//9.5/AppStream/x86_64/os/repodata/4704914e-1afb-40e3-a081-e2b49b753056-MODULES.yaml.gz
2025-03-01T20:22:01+0530 INFO Downloading: https://rocky-linux-asia-south1.production.gcp.mirrors.ctrliq.cloud/pub/rocky//9.5/AppStream/x86_64/os/repodata/8953651b-f764-4fb6-87a5-4114efc035f2-UPDATEINFO.xml.gz
2025-03-01T20:22:05+0530 INFO Downloading: https://mirrors.rockylinux.org/mirrorlist?arch=x86_64&repo=extras-9
2025-03-01T20:22:06+0530 INFO Downloading: https://rocky-linux-asia-south2.production.gcp.mirrors.ctrliq.cloud/pub/rocky//9.5/extras/x86_64/os/repodata/repomd.xml
2025-03-01T20:22:06+0530 INFO Downloading: https://repo.zabbix.com/zabbix/7.0/rocky/9/x86_64/repodata/repomd.xml
2025-03-01T20:22:08+0530 INFO Downloading: https://repo.zabbix.com/zabbix/7.0/rocky/9/x86_64/repodata/repomd.xml
2025-03-01T20:22:09+0530 INFO Downloading: https://repo.zabbix.com/zabbix/7.0/rocky/9/x86_64/repodata/feaecd64162fa3bd531892cb0208c52c6d938d7542ad70590b246e0f9e243c1d-filelists.xml.gz
2025-03-01T20:22:09+0530 INFO Downloading: https://repo.zabbix.com/zabbix/7.0/rocky/9/x86_64/repodata/14c763e1b4213f91b1453fb755d632abd84ea8c982e498b3afb09067a60528d5-primary.xml.gz
2025-03-01T20:22:12+0530 INFO Downloading: https://repo.zabbix.com/non-supported/rhel/9/x86_64/repodata/repomd.xml
2025-03-01T20:22:13+0530 INFO Downloading: https://repo.zabbix.com/zabbix-tools/rhel/9/x86_64/repodata/repomd.xml
2025-03-01T21:44:15+0530 INFO Librepo version: 1.14.5 with CURL_GLOBAL_ACK_EINTR support (libcurl/7.76.1 OpenSSL/3.2.2 zlib/1.2.11 brotli/1.0.9 libidn2/2.3.0 libpsl/0.21.1 (+libidn2/2.3.0) libssh/0.10.4/openssl/zlib nghttp2/1.43.0)
2025-03-10T20:29:35+0530 INFO Librepo version: 1.14.5 with CURL_GLOBAL_ACK_EINTR support (libcurl/7.76.1 OpenSSL/3.2.2 zlib/1.2.11 brotli/1.0.9 libidn2/2.3.0 libpsl/0.21.1 (+libidn2/2.3.0) libssh/0.10.4/openssl/zlib nghttp2/1.43.0)
2025-03-10T20:29:35+0530 INFO Downloading: https://mirrors.rockylinux.org/mirrorlist?arch=x86_64&repo=BaseOS-9&countme=2
2025-03-10T20:29:37+0530 INFO Downloading: https://rocky-linux-asia-south1.production.gcp.mirrors.ctrliq.cloud/pub/rocky//9.5/BaseOS/x86_64/os/repodata/repomd.xml
2025-03-10T20:29:37+0530 INFO Downloading: https://mirrors.rockylinux.org/mirrorlist?arch=x86_64&repo=BaseOS-9
2025-03-10T20:29:39+0530 INFO Downloading: https://rocky-linux-asia-south1.production.gcp.mirrors.ctrliq.cloud/pub/rocky//9.5/BaseOS/x86_64/os/repodata/repomd.xml
2025-03-10T20:29:39+0530 INFO Downloading: https://rocky-linux-asia-south1.production.gcp.mirrors.ctrliq.cloud/pub/rocky//9.5/BaseOS/x86_64/os/repodata/fb7638ab-7a76-4819-a290-7cc14e6ee680-PRIMARY.xml.gz
2025-03-10T20:29:39+0530 INFO Downloading: https://rocky-linux-asia-south1.production.gcp.mirrors.ctrliq.cloud/pub/rocky//9.5/BaseOS/x86_64/os/repodata/3cbca0ea-1aea-402a-8150-341dd632cb49-FILELISTS.xml.gz
2025-03-10T20:29:39+0530 INFO Downloading: https://rocky-linux-asia-south1.production.gcp.mirrors.ctrliq.cloud/pub/rocky//9.5/BaseOS/x86_64/os/repodata/3cbca0ea-1aea-402a-8150-341dd632cb49-GROUPS.xml.gz
2025-03-10T20:29:39+0530 INFO Downloading: https://rocky-linux-asia-south1.production.gcp.mirrors.ctrliq.cloud/pub/rocky//9.5/BaseOS/x86_64/os/repodata/26d0be53-5b9d-4350-a77f-3ef29559e28e-UPDATEINFO.xml.gz
2025-03-10T20:29:40+0530 INFO Downloading: https://mirrors.rockylinux.org/mirrorlist?arch=x86_64&repo=AppStream-9
2025-03-10T20:29:41+0530 INFO Downloading: https://rocky-linux-asia-south2.production.gcp.mirrors.ctrliq.cloud/pub/rocky//9.5/AppStream/x86_64/os/repodata/repomd.xml
2025-03-10T20:29:42+0530 INFO Downloading: https://mirrors.rockylinux.org/mirrorlist?arch=x86_64&repo=AppStream-9&countme=2
2025-03-10T20:29:43+0530 INFO Downloading: https://rocky-linux-asia-south1.production.gcp.mirrors.ctrliq.cloud/pub/rocky//9.5/AppStream/x86_64/os/repodata/repomd.xml
2025-03-10T20:29:43+0530 INFO Downloading: https://rocky-linux-asia-south1.production.gcp.mirrors.ctrliq.cloud/pub/rocky//9.5/AppStream/x86_64/os/repodata/113eadd8-689c-4863-9435-c12867434651-PRIMARY.xml.gz
2025-03-10T20:29:43+0530 INFO Downloading: https://rocky-linux-asia-south1.production.gcp.mirrors.ctrliq.cloud/pub/rocky//9.5/AppStream/x86_64/os/repodata/7138361b-e739-4453-a20c-26c3843498a6-FILELISTS.xml.gz
2025-03-10T20:29:43+0530 INFO Downloading: https://rocky-linux-asia-south1.production.gcp.mirrors.ctrliq.cloud/pub/rocky//9.5/AppStream/x86_64/os/repodata/7138361b-e739-4453-a20c-26c3843498a6-GROUPS.xml.gz
2025-03-10T20:29:43+0530 INFO Downloading: https://rocky-linux-asia-south1.production.gcp.mirrors.ctrliq.cloud/pub/rocky//9.5/AppStream/x86_64/os/repodata/7138361b-e739-4453-a20c-26c3843498a6-MODULES.yaml.gz
2025-03-10T20:29:43+0530 INFO Downloading: https://rocky-linux-asia-south1.production.gcp.mirrors.ctrliq.cloud/pub/rocky//9.5/AppStream/x86_64/os/repodata/8953651b-f764-4fb6-87a5-4114efc035f2-UPDATEINFO.xml.gz
2025-03-10T20:29:47+0530 INFO Downloading: https://mirrors.rockylinux.org/mirrorlist?arch=x86_64&repo=extras-9&countme=2
2025-03-10T20:29:49+0530 INFO Downloading: https://rocky-linux-asia-south1.production.gcp.mirrors.ctrliq.cloud/pub/rocky//9.5/extras/x86_64/os/repodata/repomd.xml
2025-03-10T20:29:49+0530 INFO Downloading: https://repo.zabbix.com/zabbix/7.0/rocky/9/x86_64/repodata/repomd.xml
2025-03-10T20:29:50+0530 INFO Downloading: https://repo.zabbix.com/non-supported/rhel/9/x86_64/repodata/repomd.xml
2025-03-10T20:29:52+0530 INFO Downloading: https://repo.zabbix.com/zabbix-tools/rhel/9/x86_64/repodata/repomd.xml
2025-03-12T19:25:26+0530 INFO Librepo version: 1.14.5 with CURL_GLOBAL_ACK_EINTR support (libcurl/7.76.1 OpenSSL/3.2.2 zlib/1.2.11 brotli/1.0.9 libidn2/2.3.0 libpsl/0.21.1 (+libidn2/2.3.0) libssh/0.10.4/openssl/zlib nghttp2/1.43.0)
2025-03-12T19:25:26+0530 INFO Downloading: https://mirrors.rockylinux.org/mirrorlist?arch=x86_64&repo=BaseOS-9
2025-03-12T19:25:28+0530 INFO Downloading: https://rocky-linux-asia-south1.production.gcp.mirrors.ctrliq.cloud/pub/rocky//9.5/BaseOS/x86_64/os/repodata/repomd.xml
2025-03-12T19:25:29+0530 INFO Downloading: https://mirrors.rockylinux.org/mirrorlist?arch=x86_64&repo=AppStream-9
2025-03-12T19:25:30+0530 INFO Downloading: https://rocky-linux-asia-south1.production.gcp.mirrors.ctrliq.cloud/pub/rocky//9.5/AppStream/x86_64/os/repodata/repomd.xml
2025-03-12T19:25:30+0530 INFO Downloading: https://mirrors.rockylinux.org/mirrorlist?arch=x86_64&repo=extras-9
2025-03-12T19:25:32+0530 INFO Downloading: https://rocky-linux-asia-south2.production.gcp.mirrors.ctrliq.cloud/pub/rocky//9.5/extras/x86_64/os/repodata/repomd.xml
2025-03-12T19:25:32+0530 INFO Downloading: https://repo.zabbix.com/zabbix/7.0/rocky/9/x86_64/repodata/repomd.xml
2025-03-12T19:25:34+0530 INFO Downloading: https://repo.zabbix.com/non-supported/rhel/9/x86_64/repodata/repomd.xml
2025-03-12T19:25:36+0530 INFO Downloading: https://repo.zabbix.com/zabbix-tools/rhel/9/x86_64/repodata/repomd.xml
2025-03-12T22:13:23+0530 INFO Librepo version: 1.14.5 with CURL_GLOBAL_ACK_EINTR support (libcurl/7.76.1 OpenSSL/3.2.2 zlib/1.2.11 brotli/1.0.9 libidn2/2.3.0 libpsl/0.21.1 (+libidn2/2.3.0) libssh/0.10.4/openssl/zlib nghttp2/1.43.0)
2025-03-13T09:26:30+0530 INFO Librepo version: 1.14.5 with CURL_GLOBAL_ACK_EINTR support (libcurl/7.76.1 OpenSSL/3.2.2 zlib/1.2.11 brotli/1.0.9 libidn2/2.3.0 libpsl/0.21.1 (+libidn2/2.3.0) libssh/0.10.4/openssl/zlib nghttp2/1.43.0)
2025-03-13T09:26:30+0530 INFO Downloading: https://mirrors.rockylinux.org/mirrorlist?arch=x86_64&repo=BaseOS-9
2025-03-13T09:26:32+0530 INFO Downloading: https://rocky-linux-asia-south2.production.gcp.mirrors.ctrliq.cloud/pub/rocky//9.5/BaseOS/x86_64/os/repodata/repomd.xml
2025-03-13T09:26:32+0530 INFO Downloading: https://mirrors.rockylinux.org/mirrorlist?arch=x86_64&repo=BaseOS-9
2025-03-13T09:26:33+0530 INFO Downloading: https://rocky-linux-asia-south1.production.gcp.mirrors.ctrliq.cloud/pub/rocky//9.5/BaseOS/x86_64/os/repodata/repomd.xml
2025-03-13T09:26:34+0530 INFO Downloading: https://rocky-linux-asia-south1.production.gcp.mirrors.ctrliq.cloud/pub/rocky//9.5/BaseOS/x86_64/os/repodata/5d8042c0-f0a8-46e7-bae0-8cd08eba7767-PRIMARY.xml.gz
2025-03-13T09:26:34+0530 INFO Downloading: https://rocky-linux-asia-south1.production.gcp.mirrors.ctrliq.cloud/pub/rocky//9.5/BaseOS/x86_64/os/repodata/9d450de0-bae5-457e-ac8c-020246c29e0e-FILELISTS.xml.gz
2025-03-13T09:26:34+0530 INFO Downloading: https://rocky-linux-asia-south1.production.gcp.mirrors.ctrliq.cloud/pub/rocky//9.5/BaseOS/x86_64/os/repodata/9d450de0-bae5-457e-ac8c-020246c29e0e-GROUPS.xml.gz
2025-03-13T09:26:34+0530 INFO Downloading: https://rocky-linux-asia-south1.production.gcp.mirrors.ctrliq.cloud/pub/rocky//9.5/BaseOS/x86_64/os/repodata/26d0be53-5b9d-4350-a77f-3ef29559e28e-UPDATEINFO.xml.gz
2025-03-13T09:26:35+0530 INFO Downloading: https://mirrors.rockylinux.org/mirrorlist?arch=x86_64&repo=AppStream-9
2025-03-13T09:26:50+0530 INFO Serious error - Curl code (28): Timeout was reached for https://mirrors.rockylinux.org/mirrorlist?arch=x86_64&repo=AppStream-9 [Failed to connect to mirrors.rockylinux.org port 443: Connection timed out]
2025-03-13T09:26:50+0530 INFO Error during transfer: Curl error (28): Timeout was reached for https://mirrors.rockylinux.org/mirrorlist?arch=x86_64&repo=AppStream-9 [Failed to connect to mirrors.rockylinux.org port 443: Connection timed out]
2025-03-13T09:26:50+0530 INFO Downloading: https://mirrors.rockylinux.org/mirrorlist?arch=x86_64&repo=AppStream-9
2025-03-13T09:26:51+0530 INFO Downloading: https://rocky-linux-asia-south2.production.gcp.mirrors.ctrliq.cloud/pub/rocky//9.5/AppStream/x86_64/os/repodata/repomd.xml
2025-03-13T09:26:51+0530 INFO Downloading: https://mirrors.rockylinux.org/mirrorlist?arch=x86_64&repo=AppStream-9
2025-03-13T09:26:52+0530 INFO Downloading: https://rocky-linux-asia-south1.production.gcp.mirrors.ctrliq.cloud/pub/rocky//9.5/AppStream/x86_64/os/repodata/repomd.xml
2025-03-13T09:26:52+0530 INFO Downloading: https://rocky-linux-asia-south1.production.gcp.mirrors.ctrliq.cloud/pub/rocky//9.5/AppStream/x86_64/os/repodata/2b75007b-c46a-4406-9f75-bcc6302502fb-PRIMARY.xml.gz
2025-03-13T09:26:52+0530 INFO Downloading: https://rocky-linux-asia-south1.production.gcp.mirrors.ctrliq.cloud/pub/rocky//9.5/AppStream/x86_64/os/repodata/00379d47-c7fe-4878-b772-97d48ac9f7e4-FILELISTS.xml.gz
2025-03-13T09:26:52+0530 INFO Downloading: https://rocky-linux-asia-south1.production.gcp.mirrors.ctrliq.cloud/pub/rocky//9.5/AppStream/x86_64/os/repodata/00379d47-c7fe-4878-b772-97d48ac9f7e4-GROUPS.xml.gz
2025-03-13T09:26:52+0530 INFO Downloading: https://rocky-linux-asia-south1.production.gcp.mirrors.ctrliq.cloud/pub/rocky//9.5/AppStream/x86_64/os/repodata/00379d47-c7fe-4878-b772-97d48ac9f7e4-MODULES.yaml.gz
2025-03-13T09:26:53+0530 INFO Downloading: https://rocky-linux-asia-south1.production.gcp.mirrors.ctrliq.cloud/pub/rocky//9.5/AppStream/x86_64/os/repodata/8953651b-f764-4fb6-87a5-4114efc035f2-UPDATEINFO.xml.gz
2025-03-13T09:26:56+0530 INFO Downloading: https://mirrors.rockylinux.org/mirrorlist?arch=x86_64&repo=extras-9
2025-03-13T09:26:57+0530 INFO Downloading: https://rocky-linux-asia-south2.production.gcp.mirrors.ctrliq.cloud/pub/rocky//9.5/extras/x86_64/os/repodata/repomd.xml
2025-03-13T09:26:57+0530 INFO Downloading: https://repo.zabbix.com/zabbix/7.0/rocky/9/x86_64/repodata/repomd.xml
2025-03-13T09:26:59+0530 INFO Downloading: https://repo.zabbix.com/non-supported/rhel/9/x86_64/repodata/repomd.xml
2025-03-13T09:27:00+0530 INFO Downloading: https://repo.zabbix.com/zabbix-tools/rhel/9/x86_64/repodata/repomd.xml
2025-03-13T12:10:26+0530 INFO Librepo version: 1.14.5 with CURL_GLOBAL_ACK_EINTR support (libcurl/7.76.1 OpenSSL/3.2.2 zlib/1.2.11 brotli/1.0.9 libidn2/2.3.0 libpsl/0.21.1 (+libidn2/2.3.0) libssh/0.10.4/openssl/zlib nghttp2/1.43.0)
2025-03-13T13:58:49+0530 INFO Librepo version: 1.14.5 with CURL_GLOBAL_ACK_EINTR support (libcurl/7.76.1 OpenSSL/3.2.2 zlib/1.2.11 brotli/1.0.9 libidn2/2.3.0 libpsl/0.21.1 (+libidn2/2.3.0) libssh/0.10.4/openssl/zlib nghttp2/1.43.0)
2025-03-13T13:58:50+0530 INFO Downloading: https://mirrors.rockylinux.org/mirrorlist?arch=x86_64&repo=BaseOS-9
2025-03-13T13:58:51+0530 INFO Downloading: https://rocky-linux-asia-south2.production.gcp.mirrors.ctrliq.cloud/pub/rocky//9.5/BaseOS/x86_64/os/repodata/repomd.xml
2025-03-13T13:58:52+0530 INFO Downloading: https://mirrors.rockylinux.org/mirrorlist?arch=x86_64&repo=AppStream-9
2025-03-13T13:58:54+0530 INFO Downloading: https://rocky-linux-asia-south1.production.gcp.mirrors.ctrliq.cloud/pub/rocky//9.5/AppStream/x86_64/os/repodata/repomd.xml
2025-03-13T13:58:54+0530 INFO Downloading: https://mirrors.rockylinux.org/mirrorlist?arch=x86_64&repo=extras-9
2025-03-13T13:58:56+0530 INFO Downloading: https://rocky-linux-asia-south2.production.gcp.mirrors.ctrliq.cloud/pub/rocky//9.5/extras/x86_64/os/repodata/repomd.xml
2025-03-13T13:58:56+0530 INFO Downloading: https://repo.zabbix.com/zabbix/7.0/rocky/9/x86_64/repodata/repomd.xml
2025-03-13T13:58:57+0530 INFO Downloading: https://repo.zabbix.com/non-supported/rhel/9/x86_64/repodata/repomd.xml
2025-03-13T13:58:59+0530 INFO Downloading: https://repo.zabbix.com/zabbix-tools/rhel/9/x86_64/repodata/repomd.xml
2025-03-13T20:31:32+0530 INFO Librepo version: 1.14.5 with CURL_GLOBAL_ACK_EINTR support (libcurl/7.76.1 OpenSSL/3.2.2 zlib/1.2.11 brotli/1.0.9 libidn2/2.3.0 libpsl/0.21.1 (+libidn2/2.3.0) libssh/0.10.4/openssl/zlib nghttp2/1.43.0)
2025-03-13T20:31:32+0530 INFO Downloading: https://mirrors.rockylinux.org/mirrorlist?arch=x86_64&repo=BaseOS-9
2025-03-13T20:31:34+0530 INFO Downloading: https://rocky-linux-asia-south1.production.gcp.mirrors.ctrliq.cloud/pub/rocky//9.5/BaseOS/x86_64/os/repodata/repomd.xml
2025-03-13T20:31:35+0530 INFO Downloading: https://mirrors.rockylinux.org/mirrorlist?arch=x86_64&repo=AppStream-9
2025-03-13T20:31:36+0530 INFO Downloading: https://rocky-linux-asia-south2.production.gcp.mirrors.ctrliq.cloud/pub/rocky//9.5/AppStream/x86_64/os/repodata/repomd.xml
2025-03-13T20:31:36+0530 INFO Downloading: https://mirrors.rockylinux.org/mirrorlist?arch=x86_64&repo=extras-9
2025-03-13T20:31:38+0530 INFO Downloading: https://rocky-linux-asia-south2.production.gcp.mirrors.ctrliq.cloud/pub/rocky//9.5/extras/x86_64/os/repodata/repomd.xml
2025-03-13T20:31:38+0530 INFO Downloading: https://repo.zabbix.com/zabbix/7.0/rocky/9/x86_64/repodata/repomd.xml
2025-03-13T20:31:40+0530 INFO Downloading: https://repo.zabbix.com/non-supported/rhel/9/x86_64/repodata/repomd.xml
2025-03-13T20:31:41+0530 INFO Downloading: https://repo.zabbix.com/zabbix-tools/rhel/9/x86_64/repodata/repomd.xml
2025-03-13T21:43:58+0530 INFO Librepo version: 1.14.5 with CURL_GLOBAL_ACK_EINTR support (libcurl/7.76.1 OpenSSL/3.2.2 zlib/1.2.11 brotli/1.0.9 libidn2/2.3.0 libpsl/0.21.1 (+libidn2/2.3.0) libssh/0.10.4/openssl/zlib nghttp2/1.43.0)
2025-03-14T09:39:04+0530 INFO Librepo version: 1.14.5 with CURL_GLOBAL_ACK_EINTR support (libcurl/7.76.1 OpenSSL/3.2.2 zlib/1.2.11 brotli/1.0.9 libidn2/2.3.0 libpsl/0.21.1 (+libidn2/2.3.0) libssh/0.10.4/openssl/zlib nghttp2/1.43.0)
2025-03-14T09:39:04+0530 INFO Downloading: https://mirrors.rockylinux.org/mirrorlist?arch=x86_64&repo=BaseOS-9
2025-03-14T09:39:06+0530 INFO Downloading: https://rocky-linux-asia-south2.production.gcp.mirrors.ctrliq.cloud/pub/rocky//9.5/BaseOS/x86_64/os/repodata/repomd.xml
2025-03-14T09:39:06+0530 INFO Downloading: https://mirrors.rockylinux.org/mirrorlist?arch=x86_64&repo=BaseOS-9
2025-03-14T09:39:07+0530 INFO Downloading: https://rocky-linux-asia-south1.production.gcp.mirrors.ctrliq.cloud/pub/rocky//9.5/BaseOS/x86_64/os/repodata/repomd.xml
2025-03-14T09:39:08+0530 INFO Downloading: https://rocky-linux-asia-south1.production.gcp.mirrors.ctrliq.cloud/pub/rocky//9.5/BaseOS/x86_64/os/repodata/a2632ddf-19e0-4b6c-8d1a-e7ac7ed36b2a-PRIMARY.xml.gz
2025-03-14T09:39:08+0530 INFO Downloading: https://rocky-linux-asia-south1.production.gcp.mirrors.ctrliq.cloud/pub/rocky//9.5/BaseOS/x86_64/os/repodata/9397a9c6-cd44-48ed-a8df-d560e541a55d-FILELISTS.xml.gz
2025-03-14T09:39:08+0530 INFO Downloading: https://rocky-linux-asia-south1.production.gcp.mirrors.ctrliq.cloud/pub/rocky//9.5/BaseOS/x86_64/os/repodata/9397a9c6-cd44-48ed-a8df-d560e541a55d-GROUPS.xml.gz
2025-03-14T09:39:08+0530 INFO Downloading: https://rocky-linux-asia-south1.production.gcp.mirrors.ctrliq.cloud/pub/rocky//9.5/BaseOS/x86_64/os/repodata/26d0be53-5b9d-4350-a77f-3ef29559e28e-UPDATEINFO.xml.gz
2025-03-14T09:39:09+0530 INFO Downloading: https://mirrors.rockylinux.org/mirrorlist?arch=x86_64&repo=AppStream-9
2025-03-14T09:39:09+0530 INFO Downloading: https://rocky-linux-asia-south2.production.gcp.mirrors.ctrliq.cloud/pub/rocky//9.5/AppStream/x86_64/os/repodata/repomd.xml
2025-03-14T09:39:10+0530 INFO Downloading: https://mirrors.rockylinux.org/mirrorlist?arch=x86_64&repo=AppStream-9
2025-03-14T09:39:11+0530 INFO Downloading: https://rocky-linux-asia-south2.production.gcp.mirrors.ctrliq.cloud/pub/rocky//9.5/AppStream/x86_64/os/repodata/repomd.xml
2025-03-14T09:39:11+0530 INFO Downloading: https://rocky-linux-asia-south2.production.gcp.mirrors.ctrliq.cloud/pub/rocky//9.5/AppStream/x86_64/os/repodata/2707f9bc-9e2a-41d7-9a58-154458655a3a-PRIMARY.xml.gz
2025-03-14T09:39:11+0530 INFO Downloading: https://rocky-linux-asia-south2.production.gcp.mirrors.ctrliq.cloud/pub/rocky//9.5/AppStream/x86_64/os/repodata/48f657fe-7e5f-41bb-b6f8-679efe459532-FILELISTS.xml.gz
2025-03-14T09:39:11+0530 INFO Downloading: https://rocky-linux-asia-south2.production.gcp.mirrors.ctrliq.cloud/pub/rocky//9.5/AppStream/x86_64/os/repodata/48f657fe-7e5f-41bb-b6f8-679efe459532-GROUPS.xml.gz
2025-03-14T09:39:11+0530 INFO Downloading: https://rocky-linux-asia-south2.production.gcp.mirrors.ctrliq.cloud/pub/rocky//9.5/AppStream/x86_64/os/repodata/48f657fe-7e5f-41bb-b6f8-679efe459532-MODULES.yaml.gz
2025-03-14T09:39:11+0530 INFO Downloading: https://rocky-linux-asia-south2.production.gcp.mirrors.ctrliq.cloud/pub/rocky//9.5/AppStream/x86_64/os/repodata/8953651b-f764-4fb6-87a5-4114efc035f2-UPDATEINFO.xml.gz
2025-03-14T09:39:15+0530 INFO Downloading: https://mirrors.rockylinux.org/mirrorlist?arch=x86_64&repo=extras-9
2025-03-14T09:39:16+0530 INFO Downloading: https://rocky-linux-asia-south2.production.gcp.mirrors.ctrliq.cloud/pub/rocky//9.5/extras/x86_64/os/repodata/repomd.xml
2025-03-14T09:39:16+0530 INFO Downloading: https://repo.zabbix.com/zabbix/7.0/rocky/9/x86_64/repodata/repomd.xml
2025-03-14T09:39:18+0530 INFO Downloading: https://repo.zabbix.com/non-supported/rhel/9/x86_64/repodata/repomd.xml
2025-03-14T09:39:19+0530 INFO Downloading: https://repo.zabbix.com/zabbix-tools/rhel/9/x86_64/repodata/repomd.xml
2025-03-15T09:00:15+0530 INFO Librepo version: 1.14.5 with CURL_GLOBAL_ACK_EINTR support (libcurl/7.76.1 OpenSSL/3.2.2 zlib/1.2.11 brotli/1.0.9 libidn2/2.3.0 libpsl/0.21.1 (+libidn2/2.3.0) libssh/0.10.4/openssl/zlib nghttp2/1.43.0)
2025-03-15T09:00:16+0530 INFO Downloading: https://mirrors.rockylinux.org/mirrorlist?arch=x86_64&repo=BaseOS-9
2025-03-15T09:00:17+0530 INFO Downloading: https://rocky-linux-asia-south2.production.gcp.mirrors.ctrliq.cloud/pub/rocky//9.5/BaseOS/x86_64/os/repodata/repomd.xml
2025-03-15T09:00:18+0530 INFO Downloading: https://mirrors.rockylinux.org/mirrorlist?arch=x86_64&repo=AppStream-9
2025-03-15T09:00:19+0530 INFO Downloading: https://rocky-linux-asia-south1.production.gcp.mirrors.ctrliq.cloud/pub/rocky//9.5/AppStream/x86_64/os/repodata/repomd.xml
2025-03-15T09:00:19+0530 INFO Downloading: https://mirrors.rockylinux.org/mirrorlist?arch=x86_64&repo=extras-9
2025-03-15T09:00:22+0530 INFO Downloading: https://rocky-linux-asia-south1.production.gcp.mirrors.ctrliq.cloud/pub/rocky//9.5/extras/x86_64/os/repodata/repomd.xml
2025-03-15T09:00:22+0530 INFO Downloading: https://mirrors.rockylinux.org/mirrorlist?arch=x86_64&repo=AppStream-9
2025-03-15T09:00:23+0530 INFO Downloading: http://mirror.nitc.ac.in/rockylinux/9.5/AppStream/x86_64/os/Packages/p/perl-Error-0.17029-7.el9.noarch.rpm
2025-03-15T09:00:23+0530 INFO Downloading: http://mirror.nitc.ac.in/rockylinux/9.5/AppStream/x86_64/os/Packages/p/perl-lib-0.65-481.el9.x86_64.rpm
2025-03-15T09:00:23+0530 INFO Downloading: http://mirror.nitc.ac.in/rockylinux/9.5/AppStream/x86_64/os/Packages/p/perl-TermReadKey-2.38-11.el9.x86_64.rpm
2025-03-15T09:00:24+0530 INFO Downloading: http://mirror.nitc.ac.in/rockylinux/9.5/AppStream/x86_64/os/Packages/p/perl-Git-2.43.5-2.el9_5.noarch.rpm
2025-03-15T09:00:24+0530 INFO Downloading: http://mirror.nitc.ac.in/rockylinux/9.5/AppStream/x86_64/os/Packages/g/git-core-doc-2.43.5-2.el9_5.noarch.rpm
2025-03-15T09:00:24+0530 INFO Downloading: http://mirror.nitc.ac.in/rockylinux/9.5/AppStream/x86_64/os/Packages/g/git-core-2.43.5-2.el9_5.x86_64.rpm
2025-03-15T09:00:24+0530 INFO Downloading: http://mirror.nitc.ac.in/rockylinux/9.5/AppStream/x86_64/os/Packages/g/git-2.43.5-2.el9_5.x86_64.rpm
2025-03-15T10:00:11+0530 INFO Librepo version: 1.14.5 with CURL_GLOBAL_ACK_EINTR support (libcurl/7.76.1 OpenSSL/3.2.2 zlib/1.2.11 brotli/1.0.9 libidn2/2.3.0 libpsl/0.21.1 (+libidn2/2.3.0) libssh/0.10.4/openssl/zlib nghttp2/1.43.0)
2025-03-15T10:00:11+0530 INFO Downloading: https://mirrors.rockylinux.org/mirrorlist?arch=x86_64&repo=BaseOS-9
2025-03-15T10:00:12+0530 INFO Downloading: https://rocky-linux-asia-south1.production.gcp.mirrors.ctrliq.cloud/pub/rocky//9.5/BaseOS/x86_64/os/repodata/repomd.xml
2025-03-15T10:00:13+0530 INFO Downloading: https://mirrors.rockylinux.org/mirrorlist?arch=x86_64&repo=AppStream-9
2025-03-15T10:00:14+0530 INFO Downloading: https://rocky-linux-asia-south2.production.gcp.mirrors.ctrliq.cloud/pub/rocky//9.5/AppStream/x86_64/os/repodata/repomd.xml
2025-03-15T10:00:14+0530 INFO Downloading: https://mirrors.rockylinux.org/mirrorlist?arch=x86_64&repo=extras-9
2025-03-15T10:00:15+0530 INFO Downloading: https://rocky-linux-asia-south1.production.gcp.mirrors.ctrliq.cloud/pub/rocky//9.5/extras/x86_64/os/repodata/repomd.xml
2025-03-15T10:00:15+0530 INFO Downloading: https://repo.zabbix.com/zabbix/7.0/rocky/9/x86_64/repodata/repomd.xml
2025-03-15T10:00:17+0530 INFO Downloading: https://repo.zabbix.com/non-supported/rhel/9/x86_64/repodata/repomd.xml
2025-03-15T10:00:18+0530 INFO Downloading: https://repo.zabbix.com/zabbix-tools/rhel/9/x86_64/repodata/repomd.xml
