2025-02-10T20:59:29+0530 INFO --- logging initialized ---
2025-02-10T22:26:01+0530 INFO --- logging initialized ---
2025-02-11T19:47:31+0530 SUBDEBUG Installed: temurin-17-jdk-17.0.9.0.0.9-1.x86_64
2025-02-11T20:20:36+0530 INFO --- logging initialized ---
2025-02-11T22:10:46+0530 INFO --- logging initialized ---
2025-02-20T08:39:50+0530 INFO --- logging initialized ---
2025-02-20T08:52:45+0530 INFO --- logging initialized ---
2025-02-20T08:53:07+0530 SUBDEBUG Installed: php-common-8.0.30-1.el9_2.x86_64
2025-02-20T08:53:08+0530 SUBDEBUG Installed: apr-1.7.0-12.el9_3.x86_64
2025-02-20T08:53:08+0530 SUBDEBUG Installed: apr-util-bdb-1.6.1-23.el9.x86_64
2025-02-20T08:53:08+0530 SUBDEBUG Installed: apr-util-1.6.1-23.el9.x86_64
2025-02-20T08:53:08+0530 SUBDEBUG Installed: apr-util-openssl-1.6.1-23.el9.x86_64
2025-02-20T08:53:08+0530 SUBDEBUG Installed: mariadb-connector-c-config-3.2.6-1.el9_0.noarch
2025-02-20T08:53:08+0530 SUBDEBUG Installed: mariadb-common-3:10.5.27-1.el9_5.x86_64
2025-02-20T08:53:08+0530 SUBDEBUG Installed: mariadb-connector-c-3.2.6-1.el9_0.x86_64
2025-02-20T08:53:08+0530 SUBDEBUG Installed: php-pdo-8.0.30-1.el9_2.x86_64
2025-02-20T08:53:08+0530 SUBDEBUG Installed: httpd-filesystem-2.4.62-1.el9_5.2.noarch
2025-02-20T08:53:08+0530 SUBDEBUG Installed: perl-Sys-Hostname-1.23-481.el9.x86_64
2025-02-20T08:53:08+0530 SUBDEBUG Installed: perl-DBD-MariaDB-1.21-16.el9_0.x86_64
2025-02-20T08:53:08+0530 SUBDEBUG Installed: mariadb-errmsg-3:10.5.27-1.el9_5.x86_64
2025-02-20T08:53:08+0530 SUBDEBUG Installed: httpd-tools-2.4.62-1.el9_5.2.x86_64
2025-02-20T08:53:08+0530 SUBDEBUG Installed: httpd-core-2.4.62-1.el9_5.2.x86_64
2025-02-20T08:53:09+0530 SUBDEBUG Installed: mod_lua-2.4.62-1.el9_5.2.x86_64
2025-02-20T08:53:09+0530 SUBDEBUG Installed: php-xml-8.0.30-1.el9_2.x86_64
2025-02-20T08:53:09+0530 SUBDEBUG Installed: php-opcache-8.0.30-1.el9_2.x86_64
2025-02-20T08:53:09+0530 SUBDEBUG Installed: php-mbstring-8.0.30-1.el9_2.x86_64
2025-02-20T08:53:09+0530 SUBDEBUG Installed: php-cli-8.0.30-1.el9_2.x86_64
2025-02-20T08:53:09+0530 SUBDEBUG Installed: perl-File-Copy-2.34-481.el9.noarch
2025-02-20T08:53:09+0530 SUBDEBUG Installed: nginx-filesystem-2:1.20.1-20.el9.0.1.noarch
2025-02-20T08:53:10+0530 SUBDEBUG Installed: php-fpm-8.0.30-1.el9_2.x86_64
2025-02-20T08:53:10+0530 SUBDEBUG Installed: mysql-selinux-1.0.13-1.el9_5.noarch
2025-02-20T08:53:24+0530 INFO libsemanage.semanage_direct_install_info: Overriding mysql module at lower priority 100 with module at priority 200.

2025-02-20T08:53:24+0530 SUBDEBUG Installed: mariadb-server-utils-3:10.5.27-1.el9_5.x86_64
2025-02-20T08:53:24+0530 SUBDEBUG Installed: mariadb-gssapi-server-3:10.5.27-1.el9_5.x86_64
2025-02-20T08:53:24+0530 SUBDEBUG Installed: mariadb-backup-3:10.5.27-1.el9_5.x86_64
2025-02-20T08:53:25+0530 SUBDEBUG Installed: mariadb-3:10.5.27-1.el9_5.x86_64
2025-02-20T08:53:25+0530 SUBDEBUG Installed: mariadb-server-3:10.5.27-1.el9_5.x86_64
2025-02-20T08:53:26+0530 SUBDEBUG Installed: rocky-logos-httpd-90.15-2.el9.noarch
2025-02-20T08:53:26+0530 SUBDEBUG Installed: mod_http2-2.0.26-2.el9_4.1.x86_64
2025-02-20T08:53:26+0530 SUBDEBUG Installed: httpd-2.4.62-1.el9_5.2.x86_64
2025-02-20T08:53:26+0530 SUBDEBUG Installed: php-8.0.30-1.el9_2.x86_64
2025-02-20T08:53:26+0530 SUBDEBUG Installed: php-mysqlnd-8.0.30-1.el9_2.x86_64
2025-02-20T08:53:26+0530 SUBDEBUG Installed: php-ldap-8.0.30-1.el9_2.x86_64
2025-02-20T08:53:26+0530 SUBDEBUG Installed: php-gd-8.0.30-1.el9_2.x86_64
2025-02-20T08:53:26+0530 SUBDEBUG Installed: php-bcmath-8.0.30-1.el9_2.x86_64
2025-02-20T09:03:13+0530 INFO --- logging initialized ---
2025-02-20T09:04:35+0530 INFO --- logging initialized ---
2025-02-20T09:06:04+0530 SUBDEBUG Installed: zabbix-web-7.0.9-release1.el9.noarch
2025-02-20T09:06:07+0530 SUBDEBUG Installed: zabbix-web-deps-7.0.9-release1.el9.noarch
2025-02-20T09:06:07+0530 SUBDEBUG Installed: zabbix-web-mysql-7.0.9-release1.el9.noarch
2025-02-20T09:06:07+0530 SUBDEBUG Installed: fping-5.1-1.el9.x86_64
2025-02-20T09:06:07+0530 SUBDEBUG Installed: OpenIPMI-libs-2.0.36-1.el9.x86_64
2025-02-20T09:06:07+0530 SUBDEBUG Installed: unixODBC-2.3.9-4.el9.x86_64
2025-02-20T09:06:07+0530 SUBDEBUG Installed: zabbix-server-mysql-7.0.9-release1.el9.x86_64
2025-02-20T09:06:07+0530 SUBDEBUG Installed: zabbix-apache-conf-7.0.9-release1.el9.noarch
2025-02-20T09:06:07+0530 SUBDEBUG Installed: zabbix-sql-scripts-7.0.9-release1.el9.noarch
2025-02-20T09:06:08+0530 SUBDEBUG Installed: zabbix-selinux-policy-7.0.9-release1.el9.x86_64
2025-02-20T09:06:20+0530 SUBDEBUG Installed: zabbix-agent-7.0.9-release1.el9.x86_64
2025-02-20T09:27:29+0530 INFO --- logging initialized ---
2025-02-20T09:27:51+0530 INFO --- logging initialized ---
2025-02-20T11:22:36+0530 INFO --- logging initialized ---
2025-02-20T12:51:01+0530 INFO --- logging initialized ---
2025-02-20T14:16:02+0530 INFO --- logging initialized ---
2025-02-20T16:11:07+0530 INFO --- logging initialized ---
2025-02-20T17:25:04+0530 INFO --- logging initialized ---
2025-02-20T18:27:55+0530 INFO --- logging initialized ---
2025-02-20T20:34:09+0530 INFO --- logging initialized ---
2025-02-21T21:10:09+0530 INFO --- logging initialized ---
2025-03-01T20:21:54+0530 INFO --- logging initialized ---
2025-03-01T21:44:15+0530 INFO --- logging initialized ---
2025-03-10T20:29:35+0530 INFO --- logging initialized ---
2025-03-12T19:25:26+0530 INFO --- logging initialized ---
2025-03-12T22:13:23+0530 INFO --- logging initialized ---
2025-03-13T09:26:30+0530 INFO --- logging initialized ---
2025-03-13T12:10:26+0530 INFO --- logging initialized ---
2025-03-13T13:58:49+0530 INFO --- logging initialized ---
2025-03-13T20:31:32+0530 INFO --- logging initialized ---
2025-03-13T21:43:58+0530 INFO --- logging initialized ---
2025-03-14T09:39:04+0530 INFO --- logging initialized ---
2025-03-15T09:00:15+0530 INFO --- logging initialized ---
2025-03-15T09:00:27+0530 SUBDEBUG Installed: git-core-2.43.5-2.el9_5.x86_64
2025-03-15T09:00:28+0530 SUBDEBUG Installed: git-core-doc-2.43.5-2.el9_5.noarch
2025-03-15T09:00:29+0530 SUBDEBUG Installed: perl-TermReadKey-2.38-11.el9.x86_64
2025-03-15T09:00:29+0530 SUBDEBUG Installed: perl-lib-0.65-481.el9.x86_64
2025-03-15T09:00:29+0530 SUBDEBUG Installed: perl-Error-1:0.17029-7.el9.noarch
2025-03-15T09:00:29+0530 SUBDEBUG Installed: git-2.43.5-2.el9_5.x86_64
2025-03-15T09:00:29+0530 SUBDEBUG Installed: perl-Git-2.43.5-2.el9_5.noarch
2025-03-15T10:00:11+0530 INFO --- logging initialized ---
