[    56.331] (--) Log file renamed from "/var/log/Xorg.pid-2319.log" to "/var/log/Xorg.0.log"
[    56.339] 
X.Org X Server 1.20.11
X Protocol Version 11, Revision 0
[    56.340] Build Operating System:  5.10.219-208.866.amzn2.x86_64 
[    56.340] Current Operating System: Linux 192.168.174.129 5.14.0-503.23.1.el9_5.x86_64 #1 SMP PREEMPT_DYNAMIC Thu Feb 6 12:22:10 UTC 2025 x86_64
[    56.340] Kernel command line: BOOT_IMAGE=(hd0,msdos1)/vmlinuz-5.14.0-503.23.1.el9_5.x86_64 root=/dev/mapper/rl_192-root ro crashkernel=1G-4G:192M,4G-64G:256M,64G-:512M resume=/dev/mapper/rl_192-swap rd.lvm.lv=rl_192/root rd.lvm.lv=rl_192/swap rhgb quiet
[    56.341] Build Date: 10 April 2024  12:00:00AM
[    56.341] Build ID: xorg-x11-server 1.20.11-26.el9 
[    56.341] Current version of pixman: 0.40.0
[    56.341] 	Before reporting problems, check http://wiki.x.org
	to make sure that you have the latest version.
[    56.341] Markers: (--) probed, (**) from config file, (==) default setting,
	(++) from command line, (!!) notice, (II) informational,
	(WW) warning, (EE) error, (NI) not implemented, (??) unknown.
[    56.341] (==) Log file: "/var/log/Xorg.0.log", Time: Fri Feb 21 20:48:23 2025
[    56.343] (==) Using config directory: "/etc/X11/xorg.conf.d"
[    56.343] (==) Using system config directory "/usr/share/X11/xorg.conf.d"
[    56.348] (==) No Layout section.  Using the first Screen section.
[    56.348] (==) No screen section available. Using defaults.
[    56.348] (**) |-->Screen "Default Screen Section" (0)
[    56.348] (**) |   |-->Monitor "<default monitor>"
[    56.350] (==) No monitor specified for screen "Default Screen Section".
	Using a default monitor configuration.
[    56.350] (==) Automatically adding devices
[    56.350] (==) Automatically enabling devices
[    56.350] (==) Automatically adding GPU devices
[    56.350] (==) Automatically binding GPU devices
[    56.350] (==) Max clients allowed: 256, resource mask: 0x1fffff
[    56.351] (==) FontPath set to:
	catalogue:/etc/X11/fontpath.d,
	built-ins
[    56.351] (==) ModulePath set to "/usr/lib64/xorg/modules"
[    56.351] (II) The server relies on udev to provide the list of input devices.
	If no devices become available, reconfigure udev or disable AutoAddDevices.
[    56.351] (II) Loader magic: 0x55caba3bed40
[    56.351] (II) Module ABI versions:
[    56.351] 	X.Org ANSI C Emulation: 0.4
[    56.351] 	X.Org Video Driver: 24.1
[    56.351] 	X.Org XInput driver : 24.1
[    56.351] 	X.Org Server Extension : 10.0
[    56.354] (++) using VT number 2

[    56.357] (II) systemd-logind: took control of session /org/freedesktop/login1/session/_32
[    56.361] (II) xfree86: Adding drm device (/dev/dri/card0)
[    56.364] (II) systemd-logind: got fd for /dev/dri/card0 226:0 fd 12 paused 0
[    56.388] (--) PCI:*(0@0:15:0) 15ad:0405:15ad:0405 rev 0, Mem @ 0xe8000000/134217728, 0xfe000000/8388608, I/O @ 0x00001070/16, BIOS @ 0x????????/131072
[    56.388] (II) LoadModule: "glx"
[    56.388] (II) Loading /usr/lib64/xorg/modules/extensions/libglx.so
[    56.402] (II) Module glx: vendor="X.Org Foundation"
[    56.402] 	compiled for 1.20.11, module version = 1.0.0
[    56.402] 	ABI class: X.Org Server Extension, version 10.0
[    56.402] (==) Matched vmware as autoconfigured driver 0
[    56.402] (==) Matched modesetting as autoconfigured driver 1
[    56.402] (==) Matched fbdev as autoconfigured driver 2
[    56.402] (==) Matched vesa as autoconfigured driver 3
[    56.402] (==) Assigned the driver to the xf86ConfigLayout
[    56.402] (II) LoadModule: "vmware"
[    56.402] (II) Loading /usr/lib64/xorg/modules/drivers/vmware_drv.so
[    56.459] (II) Module vmware: vendor="X.Org Foundation"
[    56.459] 	compiled for 1.20.11, module version = 13.2.1
[    56.459] 	Module class: X.Org Video Driver
[    56.459] 	ABI class: X.Org Video Driver, version 24.1
[    56.459] (II) LoadModule: "modesetting"
[    56.461] (II) Loading /usr/lib64/xorg/modules/drivers/modesetting_drv.so
[    56.464] (II) Module modesetting: vendor="X.Org Foundation"
[    56.464] 	compiled for 1.20.11, module version = 1.20.11
[    56.464] 	Module class: X.Org Video Driver
[    56.464] 	ABI class: X.Org Video Driver, version 24.1
[    56.464] (II) LoadModule: "fbdev"
[    56.464] (II) Loading /usr/lib64/xorg/modules/drivers/fbdev_drv.so
[    56.466] (II) Module fbdev: vendor="X.Org Foundation"
[    56.466] 	compiled for 1.20.11, module version = 0.5.0
[    56.466] 	Module class: X.Org Video Driver
[    56.466] 	ABI class: X.Org Video Driver, version 24.1
[    56.466] (II) LoadModule: "vesa"
[    56.468] (WW) Warning, couldn't open module vesa
[    56.468] (EE) Failed to load module "vesa" (module does not exist, 0)
[    56.468] (II) vmware: driver for VMware SVGA: vmware0405, vmware0710
[    56.468] (II) modesetting: Driver for Modesetting Kernel Drivers: kms
[    56.468] (II) FBDEV: driver for framebuffer: fbdev
[    56.468] (II) vmware(0): Creating default Display subsection in Screen section
	"Default Screen Section" for depth/fbbpp 24/32
[    56.469] (--) vmware(0): DRM driver version is 2.20.0
[    56.469] (==) vmware(0): Depth 24, (--) framebuffer bpp 32
[    56.469] (==) vmware(0): RGB weight 888
[    56.469] (==) vmware(0): Default visual is TrueColor
[    56.469] (--) vmware(0): Min width 1, Max Width 16384.
[    56.469] (--) vmware(0): Min height 1, Max Height 16384.
[    56.470] (II) vmware(0): Output Virtual1 has no monitor section
[    56.470] (II) vmware(0): Output Virtual2 has no monitor section
[    56.470] (II) vmware(0): Output Virtual3 has no monitor section
[    56.470] (II) vmware(0): Output Virtual4 has no monitor section
[    56.470] (II) vmware(0): Output Virtual5 has no monitor section
[    56.470] (II) vmware(0): Output Virtual6 has no monitor section
[    56.470] (II) vmware(0): Output Virtual7 has no monitor section
[    56.470] (II) vmware(0): Output Virtual8 has no monitor section
[    56.472] (II) vmware(0): Printing probed modes for output Virtual1
[    56.472] (II) vmware(0): Modeline "1914x955"x60.0  136.84  1914 1964 2014 2064  955 1005 1055 1105 -hsync +vsync (66.3 kHz eP)
[    56.472] (II) vmware(0): Modeline "4096x2160"x60.0  556.74  4096 4104 4136 4176  2160 2208 2216 2222 +hsync -vsync (133.3 kHz e)
[    56.472] (II) vmware(0): Modeline "4096x2160"x59.9  556.19  4096 4104 4136 4176  2160 2208 2216 2222 +hsync -vsync (133.2 kHz e)
[    56.472] (II) vmware(0): Modeline "2560x1600"x60.0  348.50  2560 2752 3032 3504  1600 1603 1609 1658 -hsync +vsync (99.5 kHz e)
[    56.472] (II) vmware(0): Modeline "2560x1600"x60.0  268.50  2560 2608 2640 2720  1600 1603 1609 1646 +hsync -vsync (98.7 kHz e)
[    56.472] (II) vmware(0): Modeline "1920x1440"x60.0  234.00  1920 2048 2256 2600  1440 1441 1444 1500 -hsync +vsync (90.0 kHz e)
[    56.472] (II) vmware(0): Modeline "1856x1392"x60.0  218.25  1856 1952 2176 2528  1392 1393 1396 1439 -hsync +vsync (86.3 kHz e)
[    56.472] (II) vmware(0): Modeline "1792x1344"x60.0  204.75  1792 1920 2120 2448  1344 1345 1348 1394 -hsync +vsync (83.6 kHz e)
[    56.472] (II) vmware(0): Modeline "2048x1152"x60.0  162.00  2048 2074 2154 2250  1152 1153 1156 1200 +hsync +vsync (72.0 kHz e)
[    56.472] (II) vmware(0): Modeline "1920x1200"x59.9  193.25  1920 2056 2256 2592  1200 1203 1209 1245 -hsync +vsync (74.6 kHz e)
[    56.472] (II) vmware(0): Modeline "1920x1200"x60.0  154.00  1920 1968 2000 2080  1200 1203 1209 1235 +hsync -vsync (74.0 kHz e)
[    56.472] (II) vmware(0): Modeline "1920x1080"x60.0  148.50  1920 2008 2052 2200  1080 1084 1089 1125 -hsync -vsync (67.5 kHz e)
[    56.472] (II) vmware(0): Modeline "1600x1200"x60.0  162.00  1600 1664 1856 2160  1200 1201 1204 1250 +hsync +vsync (75.0 kHz e)
[    56.472] (II) vmware(0): Modeline "1680x1050"x60.0  146.25  1680 1784 1960 2240  1050 1053 1059 1089 -hsync +vsync (65.3 kHz e)
[    56.472] (II) vmware(0): Modeline "1680x1050"x59.9  119.00  1680 1728 1760 1840  1050 1053 1059 1080 +hsync -vsync (64.7 kHz e)
[    56.472] (II) vmware(0): Modeline "1400x1050"x60.0  121.75  1400 1488 1632 1864  1050 1053 1057 1089 -hsync +vsync (65.3 kHz e)
[    56.472] (II) vmware(0): Modeline "1400x1050"x59.9  101.00  1400 1448 1480 1560  1050 1053 1057 1080 +hsync -vsync (64.7 kHz e)
[    56.472] (II) vmware(0): Modeline "1600x900"x60.0  108.00  1600 1624 1704 1800  900 901 904 1000 +hsync +vsync (60.0 kHz e)
[    56.472] (II) vmware(0): Modeline "1280x1024"x60.0  108.00  1280 1328 1440 1688  1024 1025 1028 1066 +hsync +vsync (64.0 kHz e)
[    56.472] (II) vmware(0): Modeline "1440x900"x59.9  106.50  1440 1520 1672 1904  900 903 909 934 -hsync +vsync (55.9 kHz e)
[    56.472] (II) vmware(0): Modeline "1440x900"x59.9   88.75  1440 1488 1520 1600  900 903 909 926 +hsync -vsync (55.5 kHz e)
[    56.472] (II) vmware(0): Modeline "1280x960"x60.0  108.00  1280 1376 1488 1800  960 961 964 1000 +hsync +vsync (60.0 kHz e)
[    56.472] (II) vmware(0): Modeline "1366x768"x59.8   85.50  1366 1436 1579 1792  768 771 774 798 +hsync +vsync (47.7 kHz e)
[    56.472] (II) vmware(0): Modeline "1366x768"x60.0   72.00  1366 1380 1436 1500  768 769 772 800 +hsync +vsync (48.0 kHz e)
[    56.472] (II) vmware(0): Modeline "1360x768"x60.0   85.50  1360 1424 1536 1792  768 771 777 795 +hsync +vsync (47.7 kHz e)
[    56.472] (II) vmware(0): Modeline "1280x800"x59.8   83.50  1280 1352 1480 1680  800 803 809 831 -hsync +vsync (49.7 kHz e)
[    56.472] (II) vmware(0): Modeline "1280x800"x59.9   71.00  1280 1328 1360 1440  800 803 809 823 +hsync -vsync (49.3 kHz e)
[    56.472] (II) vmware(0): Modeline "1280x768"x59.9   79.50  1280 1344 1472 1664  768 771 778 798 -hsync +vsync (47.8 kHz e)
[    56.472] (II) vmware(0): Modeline "1280x768"x60.0   68.25  1280 1328 1360 1440  768 771 778 790 +hsync -vsync (47.4 kHz e)
[    56.472] (II) vmware(0): Modeline "1280x720"x60.0   74.25  1280 1390 1430 1650  720 725 730 750 +hsync +vsync (45.0 kHz e)
[    56.472] (II) vmware(0): Modeline "1024x768"x60.0   65.00  1024 1048 1184 1344  768 771 777 806 -hsync -vsync (48.4 kHz e)
[    56.472] (II) vmware(0): Modeline "800x600"x60.3   40.00  800 840 968 1056  600 601 605 628 +hsync +vsync (37.9 kHz e)
[    56.472] (II) vmware(0): Modeline "800x600"x56.2   36.00  800 824 896 1024  600 601 603 625 +hsync +vsync (35.2 kHz e)
[    56.472] (II) vmware(0): Modeline "848x480"x60.0   33.75  848 864 976 1088  480 486 494 517 +hsync +vsync (31.0 kHz e)
[    56.472] (II) vmware(0): Modeline "640x480"x59.9   25.18  640 656 752 800  480 490 492 525 -hsync -vsync (31.5 kHz e)
[    56.472] (II) vmware(0): EDID for output Virtual2
[    56.472] (II) vmware(0): EDID for output Virtual3
[    56.473] (II) vmware(0): EDID for output Virtual4
[    56.473] (II) vmware(0): EDID for output Virtual5
[    56.473] (II) vmware(0): EDID for output Virtual6
[    56.473] (II) vmware(0): EDID for output Virtual7
[    56.473] (II) vmware(0): EDID for output Virtual8
[    56.473] (II) vmware(0): Output Virtual1 connected
[    56.473] (II) vmware(0): Output Virtual2 disconnected
[    56.473] (II) vmware(0): Output Virtual3 disconnected
[    56.473] (II) vmware(0): Output Virtual4 disconnected
[    56.473] (II) vmware(0): Output Virtual5 disconnected
[    56.473] (II) vmware(0): Output Virtual6 disconnected
[    56.473] (II) vmware(0): Output Virtual7 disconnected
[    56.473] (II) vmware(0): Output Virtual8 disconnected
[    56.473] (II) vmware(0): Using exact sizes for initial modes
[    56.473] (II) vmware(0): Output Virtual1 using initial mode 1914x955 +0+0
[    56.473] (==) vmware(0): DPI set to (96, 96)
[    56.473] (==) vmware(0): Using gamma correction (1.0, 1.0, 1.0)
[    56.473] (II) Loading sub module "fb"
[    56.473] (II) LoadModule: "fb"
[    56.473] (II) Module "fb" already built-in
[    56.473] (II) Loading sub module "dri2"
[    56.473] (II) LoadModule: "dri2"
[    56.473] (II) Module "dri2" already built-in
[    56.474] (II) UnloadModule: "modesetting"
[    56.474] (II) Unloading modesetting
[    56.474] (II) UnloadModule: "fbdev"
[    56.474] (II) Unloading fbdev
[    56.488] (II) vmware(0): Initialized VMWARE_CTRL extension version 0.2
[    56.530] (II) vmware(0): Gallium3D XA version: 2.5.0.
[    56.530] (II) vmware(0): Path of drm device is "/dev/dri/card0".
[    56.530] (II) vmware(0): [DRI2] Setup complete
[    56.530] (II) vmware(0): [DRI2]   DRI driver: vmwgfx
[    56.530] (--) vmware(0): Render acceleration is enabled.
[    56.531] (==) vmware(0): Rendercheck mode is disabled.
[    56.531] (--) vmware(0): Direct rendering (3D) is enabled.
[    56.531] (==) vmware(0): Direct presents are disabled.
[    56.531] (==) vmware(0): Hardware only presents are automatic per scanout.
[    56.531] (==) vmware(0): Backing store enabled
[    56.531] (==) vmware(0): Silken mouse enabled
[    56.533] (==) vmware(0): DPMS enabled
[    56.534] (II) Initializing extension Generic Event Extension
[    56.534] (II) Initializing extension SHAPE
[    56.535] (II) Initializing extension MIT-SHM
[    56.535] (II) Initializing extension XInputExtension
[    56.536] (II) Initializing extension XTEST
[    56.536] (II) Initializing extension BIG-REQUESTS
[    56.536] (II) Initializing extension SYNC
[    56.537] (II) Initializing extension XKEYBOARD
[    56.537] (II) Initializing extension XC-MISC
[    56.537] (II) Initializing extension SECURITY
[    56.538] (II) Initializing extension XFIXES
[    56.538] (II) Initializing extension RENDER
[    56.539] (II) Initializing extension RANDR
[    56.539] (II) Initializing extension COMPOSITE
[    56.540] (II) Initializing extension DAMAGE
[    56.540] (II) Initializing extension MIT-SCREEN-SAVER
[    56.540] (II) Initializing extension DOUBLE-BUFFER
[    56.541] (II) Initializing extension RECORD
[    56.541] (II) Initializing extension DPMS
[    56.542] (II) Initializing extension Present
[    56.542] (II) Initializing extension DRI3
[    56.542] (II) Initializing extension X-Resource
[    56.543] (II) Initializing extension XVideo
[    56.543] (II) Initializing extension XVideo-MotionCompensation
[    56.543] (II) Initializing extension SELinux
[    56.544] (II) SELinux: Disabled by boolean
[    56.544] (II) Initializing extension GLX
[    56.564] (II) AIGLX: Loaded and initialized vmwgfx
[    56.564] (II) GLX: Initialized DRI2 GL provider for screen 0
[    56.564] (II) Initializing extension XFree86-VidModeExtension
[    56.564] (II) Initializing extension XFree86-DGA
[    56.564] (II) Initializing extension DRI2
[    56.602] (II) vmware(0): Setting screen physical size to 506 x 252
[    56.719] (II) config/udev: Adding input device Power Button (/dev/input/event0)
[    56.719] (**) Power Button: Applying InputClass "evdev keyboard catchall"
[    56.719] (**) Power Button: Applying InputClass "libinput keyboard catchall"
[    56.719] (**) Power Button: Applying InputClass "system-keyboard"
[    56.719] (II) LoadModule: "libinput"
[    56.719] (II) Loading /usr/lib64/xorg/modules/input/libinput_drv.so
[    56.763] (II) Module libinput: vendor="X.Org Foundation"
[    56.763] 	compiled for 1.20.11, module version = 1.0.1
[    56.763] 	Module class: X.Org XInput Driver
[    56.763] 	ABI class: X.Org XInput driver, version 24.1
[    56.763] (II) Using input driver 'libinput' for 'Power Button'
[    56.771] (II) systemd-logind: got fd for /dev/input/event0 13:64 fd 27 paused 0
[    56.771] (**) Power Button: always reports core events
[    56.772] (**) Option "Device" "/dev/input/event0"
[    56.772] (**) Option "_source" "server/udev"
[    56.781] (II) event0  - Power Button: is tagged by udev as: Keyboard
[    56.781] (II) event0  - Power Button: device is a keyboard
[    56.783] (II) event0  - Power Button: device removed
[    56.783] (**) Option "config_info" "udev:/sys/devices/LNXSYSTM:00/LNXPWRBN:00/input/input0/event0"
[    56.783] (II) XINPUT: Adding extended input device "Power Button" (type: KEYBOARD, id 6)
[    56.783] (**) Option "xkb_layout" "us"
[    56.788] (II) event0  - Power Button: is tagged by udev as: Keyboard
[    56.788] (II) event0  - Power Button: device is a keyboard
[    56.800] (II) config/udev: Adding input device VMware VMware Virtual USB Mouse (/dev/input/event4)
[    56.802] (**) VMware VMware Virtual USB Mouse: Applying InputClass "evdev pointer catchall"
[    56.802] (**) VMware VMware Virtual USB Mouse: Applying InputClass "libinput pointer catchall"
[    56.802] (II) Using input driver 'libinput' for 'VMware VMware Virtual USB Mouse'
[    57.019] (II) systemd-logind: got fd for /dev/input/event4 13:68 fd 30 paused 0
[    57.019] (**) VMware VMware Virtual USB Mouse: always reports core events
[    57.019] (**) Option "Device" "/dev/input/event4"
[    57.019] (**) Option "_source" "server/udev"
[    57.022] (II) event4  - VMware VMware Virtual USB Mouse: is tagged by udev as: Mouse
[    57.022] (II) event4  - VMware VMware Virtual USB Mouse: device is a pointer
[    57.023] (II) event4  - VMware VMware Virtual USB Mouse: device removed
[    57.023] (**) Option "config_info" "udev:/sys/devices/pci0000:00/0000:00:11.0/0000:02:00.0/usb1/1-1/1-1:1.0/0003:0E0F:0003.0001/input/input5/event4"
[    57.023] (II) XINPUT: Adding extended input device "VMware VMware Virtual USB Mouse" (type: MOUSE, id 7)
[    57.023] (**) Option "AccelerationScheme" "none"
[    57.023] (**) VMware VMware Virtual USB Mouse: (accel) selected scheme none/0
[    57.023] (**) VMware VMware Virtual USB Mouse: (accel) acceleration factor: 2.000
[    57.023] (**) VMware VMware Virtual USB Mouse: (accel) acceleration threshold: 4
[    57.028] (II) event4  - VMware VMware Virtual USB Mouse: is tagged by udev as: Mouse
[    57.028] (II) event4  - VMware VMware Virtual USB Mouse: device is a pointer
[    57.029] (II) config/udev: Adding input device VMware VMware Virtual USB Mouse (/dev/input/mouse2)
[    57.029] (II) No input driver specified, ignoring this device.
[    57.029] (II) This device may have been added with another device file.
[    57.031] (II) config/udev: Adding input device AT Translated Set 2 keyboard (/dev/input/event1)
[    57.031] (**) AT Translated Set 2 keyboard: Applying InputClass "evdev keyboard catchall"
[    57.031] (**) AT Translated Set 2 keyboard: Applying InputClass "libinput keyboard catchall"
[    57.031] (**) AT Translated Set 2 keyboard: Applying InputClass "system-keyboard"
[    57.031] (II) Using input driver 'libinput' for 'AT Translated Set 2 keyboard'
[    57.034] (II) systemd-logind: got fd for /dev/input/event1 13:65 fd 31 paused 0
[    57.034] (**) AT Translated Set 2 keyboard: always reports core events
[    57.034] (**) Option "Device" "/dev/input/event1"
[    57.035] (**) Option "_source" "server/udev"
[    57.036] (II) event1  - AT Translated Set 2 keyboard: is tagged by udev as: Keyboard
[    57.036] (II) event1  - AT Translated Set 2 keyboard: device is a keyboard
[    57.036] (II) event1  - AT Translated Set 2 keyboard: device removed
[    57.036] (**) Option "config_info" "udev:/sys/devices/platform/i8042/serio0/input/input1/event1"
[    57.037] (II) XINPUT: Adding extended input device "AT Translated Set 2 keyboard" (type: KEYBOARD, id 8)
[    57.037] (**) Option "xkb_layout" "us"
[    57.042] (II) event1  - AT Translated Set 2 keyboard: is tagged by udev as: Keyboard
[    57.042] (II) event1  - AT Translated Set 2 keyboard: device is a keyboard
[    57.043] (II) config/udev: Adding input device VirtualPS/2 VMware VMMouse (/dev/input/event3)
[    57.043] (**) VirtualPS/2 VMware VMMouse: Applying InputClass "evdev pointer catchall"
[    57.043] (**) VirtualPS/2 VMware VMMouse: Applying InputClass "libinput pointer catchall"
[    57.043] (II) Using input driver 'libinput' for 'VirtualPS/2 VMware VMMouse'
[    57.046] (II) systemd-logind: got fd for /dev/input/event3 13:67 fd 32 paused 0
[    57.046] (**) VirtualPS/2 VMware VMMouse: always reports core events
[    57.046] (**) Option "Device" "/dev/input/event3"
[    57.047] (**) Option "_source" "server/udev"
[    57.049] (II) event3  - VirtualPS/2 VMware VMMouse: is tagged by udev as: Mouse
[    57.049] (II) event3  - VirtualPS/2 VMware VMMouse: device is a pointer
[    57.049] (II) event3  - VirtualPS/2 VMware VMMouse: device removed
[    57.049] (**) Option "config_info" "udev:/sys/devices/platform/i8042/serio1/input/input3/event3"
[    57.049] (II) XINPUT: Adding extended input device "VirtualPS/2 VMware VMMouse" (type: MOUSE, id 9)
[    57.051] (**) Option "AccelerationScheme" "none"
[    57.051] (**) VirtualPS/2 VMware VMMouse: (accel) selected scheme none/0
[    57.051] (**) VirtualPS/2 VMware VMMouse: (accel) acceleration factor: 2.000
[    57.051] (**) VirtualPS/2 VMware VMMouse: (accel) acceleration threshold: 4
[    57.052] (II) event3  - VirtualPS/2 VMware VMMouse: is tagged by udev as: Mouse
[    57.053] (II) event3  - VirtualPS/2 VMware VMMouse: device is a pointer
[    57.054] (II) config/udev: Adding input device VirtualPS/2 VMware VMMouse (/dev/input/mouse1)
[    57.054] (II) No input driver specified, ignoring this device.
[    57.054] (II) This device may have been added with another device file.
[    57.055] (II) config/udev: Adding input device VirtualPS/2 VMware VMMouse (/dev/input/event2)
[    57.055] (**) VirtualPS/2 VMware VMMouse: Applying InputClass "evdev pointer catchall"
[    57.055] (**) VirtualPS/2 VMware VMMouse: Applying InputClass "libinput pointer catchall"
[    57.055] (II) Using input driver 'libinput' for 'VirtualPS/2 VMware VMMouse'
[    57.058] (II) systemd-logind: got fd for /dev/input/event2 13:66 fd 33 paused 0
[    57.058] (**) VirtualPS/2 VMware VMMouse: always reports core events
[    57.058] (**) Option "Device" "/dev/input/event2"
[    57.058] (**) Option "_source" "server/udev"
[    57.060] (II) event2  - VirtualPS/2 VMware VMMouse: is tagged by udev as: Mouse
[    57.060] (II) event2  - VirtualPS/2 VMware VMMouse: device is a pointer
[    57.060] (II) event2  - VirtualPS/2 VMware VMMouse: device removed
[    57.060] (**) Option "config_info" "udev:/sys/devices/platform/i8042/serio1/input/input4/event2"
[    57.060] (II) XINPUT: Adding extended input device "VirtualPS/2 VMware VMMouse" (type: MOUSE, id 10)
[    57.060] (**) Option "AccelerationScheme" "none"
[    57.060] (**) VirtualPS/2 VMware VMMouse: (accel) selected scheme none/0
[    57.060] (**) VirtualPS/2 VMware VMMouse: (accel) acceleration factor: 2.000
[    57.060] (**) VirtualPS/2 VMware VMMouse: (accel) acceleration threshold: 4
[    57.063] (II) event2  - VirtualPS/2 VMware VMMouse: is tagged by udev as: Mouse
[    57.063] (II) event2  - VirtualPS/2 VMware VMMouse: device is a pointer
[    57.063] (II) config/udev: Adding input device VirtualPS/2 VMware VMMouse (/dev/input/mouse0)
[    57.065] (II) No input driver specified, ignoring this device.
[    57.065] (II) This device may have been added with another device file.
[    57.065] (II) config/udev: Adding input device PC Speaker (/dev/input/event5)
[    57.065] (II) No input driver specified, ignoring this device.
[    57.065] (II) This device may have been added with another device file.
